2016-08-12 16:05:31.485 [main] INFO  [StartupInfoLogger.java:48] - Starting Application on yoga with PID 4920 (D:\github\euler-chidi\target\classes started by ZhongWen in D:\github\euler-chidi)
2016-08-12 16:05:31.506 [main] INFO  [SpringApplication.java:670] - The following profiles are active: msf
2016-08-12 16:05:31.652 [background-preinit] INFO  [Version.java:30] - HV000001: Hibernate Validator 5.2.4.Final
2016-08-12 16:05:31.668 [main] INFO  [AbstractApplicationContext.java:578] - Refreshing org.springframework.boot.context.embedded.AnnotationConfigEmbeddedWebApplicationContext@5454d35e: startup date [Fri Aug 12 16:05:31 CST 2016]; root of context hierarchy
2016-08-12 16:05:33.976 [main] WARN  [ClassPathMapperScanner.java:167] - No MyBatis mapper was found in '[com.primeton.euler.chidi.service.dao]' package. Please check your configuration.
2016-08-12 16:05:34.231 [main] INFO  [DefaultListableBeanFactory.java:839] - Overriding bean definition for bean 'beanNameViewResolver' with a different definition: replacing [Root bean: class [null]; scope=; abstract=false; lazyInit=false; autowireMode=3; dependencyCheck=0; autowireCandidate=true; primary=false; factoryBeanName=org.springframework.boot.autoconfigure.web.ErrorMvcAutoConfiguration$WhitelabelErrorViewConfiguration; factoryMethodName=beanNameViewResolver; initMethodName=null; destroyMethodName=(inferred); defined in class path resource [org/springframework/boot/autoconfigure/web/ErrorMvcAutoConfiguration$WhitelabelErrorViewConfiguration.class]] with [Root bean: class [null]; scope=; abstract=false; lazyInit=false; autowireMode=3; dependencyCheck=0; autowireCandidate=true; primary=false; factoryBeanName=org.springframework.boot.autoconfigure.web.WebMvcAutoConfiguration$WebMvcAutoConfigurationAdapter; factoryMethodName=beanNameViewResolver; initMethodName=null; destroyMethodName=(inferred); defined in class path resource [org/springframework/boot/autoconfigure/web/WebMvcAutoConfiguration$WebMvcAutoConfigurationAdapter.class]]
2016-08-12 16:05:34.782 [main] INFO  [PostProcessorRegistrationDelegate.java:328] - Bean 'org.springframework.transaction.annotation.ProxyTransactionManagementConfiguration' of type [class org.springframework.transaction.annotation.ProxyTransactionManagementConfiguration$$EnhancerBySpringCGLIB$$1aba6a58] is not eligible for getting processed by all BeanPostProcessors (for example: not eligible for auto-proxying)
2016-08-12 16:05:35.719 [main] INFO  [TomcatEmbeddedServletContainer.java:81] - Tomcat initialized with port(s): 8080 (http)
2016-08-12 16:05:35.739 [main] INFO  [DirectJDKLog.java:180] - Starting service Tomcat
2016-08-12 16:05:35.742 [main] INFO  [DirectJDKLog.java:180] - Starting Servlet Engine: Apache Tomcat/8.0.32
2016-08-12 16:05:35.920 [localhost-startStop-1] INFO  [DirectJDKLog.java:180] - Initializing Spring embedded WebApplicationContext
2016-08-12 16:05:35.921 [localhost-startStop-1] INFO  [EmbeddedWebApplicationContext.java:272] - Root WebApplicationContext: initialization completed in 4253 ms
2016-08-12 16:05:36.233 [localhost-startStop-1] INFO  [ServletRegistrationBean.java:189] - Mapping servlet: 'dispatcherServlet' to [/]
2016-08-12 16:05:36.245 [localhost-startStop-1] INFO  [AbstractFilterRegistrationBean.java:258] - Mapping filter: 'characterEncodingFilter' to: [/*]
2016-08-12 16:05:36.246 [localhost-startStop-1] INFO  [AbstractFilterRegistrationBean.java:258] - Mapping filter: 'exceptionFilter' to: [/*]
2016-08-12 16:05:36.246 [localhost-startStop-1] INFO  [AbstractFilterRegistrationBean.java:258] - Mapping filter: 'messageFilter' to: [/*]
2016-08-12 16:05:36.246 [localhost-startStop-1] INFO  [AbstractFilterRegistrationBean.java:258] - Mapping filter: 'systemLogFilter' to: [/*]
2016-08-12 16:05:36.247 [localhost-startStop-1] INFO  [AbstractFilterRegistrationBean.java:258] - Mapping filter: 'hiddenHttpMethodFilter' to: [/*]
2016-08-12 16:05:36.247 [localhost-startStop-1] INFO  [AbstractFilterRegistrationBean.java:258] - Mapping filter: 'httpPutFormContentFilter' to: [/*]
2016-08-12 16:05:36.247 [localhost-startStop-1] INFO  [AbstractFilterRegistrationBean.java:258] - Mapping filter: 'securityValidationFilter' to: [/*]
2016-08-12 16:05:36.420 [MLog-Init-Reporter] INFO  [Slf4jMLog.java:212] - MLog clients using slf4j logging.
2016-08-12 16:05:36.510 [main] INFO  [Slf4jMLog.java:212] - Initializing c3p0-0.9.5.2 [built 08-December-2015 22:06:04 -0800; debug? true; trace: 10]
2016-08-12 16:05:36.663 [main] INFO  [DataSourceInitializer.java:72] - DataSource auto init on boot has been enabled, if you want to disable, run JVM with param: -Ddatasource.autoinit.disabled=true, default enable.
2016-08-12 16:05:36.663 [main] INFO  [DataSourceInitializer.java:74] - Begin init datasource dataSource : com.mchange.v2.c3p0.ComboPooledDataSource[ identityToken -> 1hgf1tt9iywfib014p3i1c|6cf0a747, dataSourceName -> 1hgf1tt9iywfib014p3i1c|6cf0a747 ] on boot.
2016-08-12 16:05:36.665 [main] WARN  [DataSourceInitializer.java:239] - SQL file /opt/programs/euler/sql/test.sql not found.
2016-08-12 16:05:36.665 [main] INFO  [DataSourceInitializer.java:87] - End init datasource dataSource : com.mchange.v2.c3p0.ComboPooledDataSource[ identityToken -> 1hgf1tt9iywfib014p3i1c|6cf0a747, dataSourceName -> 1hgf1tt9iywfib014p3i1c|6cf0a747 ] on boot.
2016-08-12 16:05:37.367 [main] INFO  [RequestMappingHandlerAdapter.java:532] - Looking for @ControllerAdvice: org.springframework.boot.context.embedded.AnnotationConfigEmbeddedWebApplicationContext@5454d35e: startup date [Fri Aug 12 16:05:31 CST 2016]; root of context hierarchy
2016-08-12 16:05:37.510 [main] INFO  [AbstractHandlerMethodMapping.java:534] - Mapped "{[/sample]}" onto java.lang.String com.primeton.euler.chidi.service.controller.SampleController.home()
2016-08-12 16:05:37.515 [main] INFO  [AbstractHandlerMethodMapping.java:534] - Mapped "{[/error]}" onto public org.springframework.http.ResponseEntity<java.util.Map<java.lang.String, java.lang.Object>> org.springframework.boot.autoconfigure.web.BasicErrorController.error(javax.servlet.http.HttpServletRequest)
2016-08-12 16:05:37.516 [main] INFO  [AbstractHandlerMethodMapping.java:534] - Mapped "{[/error],produces=[text/html]}" onto public org.springframework.web.servlet.ModelAndView org.springframework.boot.autoconfigure.web.BasicErrorController.errorHtml(javax.servlet.http.HttpServletRequest,javax.servlet.http.HttpServletResponse)
2016-08-12 16:05:37.523 [main] INFO  [WebMvcAutoConfiguration.java:289] - Adding welcome page: class path resource [static/index.html]
2016-08-12 16:05:37.555 [main] INFO  [AbstractUrlHandlerMapping.java:328] - Root mapping to handler of type [class org.springframework.web.servlet.mvc.ParameterizableViewController]
2016-08-12 16:05:37.588 [main] INFO  [AbstractUrlHandlerMapping.java:341] - Mapped URL path [/webjars/**] onto handler of type [class org.springframework.web.servlet.resource.ResourceHttpRequestHandler]
2016-08-12 16:05:37.590 [main] INFO  [AbstractUrlHandlerMapping.java:341] - Mapped URL path [/**] onto handler of type [class org.springframework.web.servlet.resource.ResourceHttpRequestHandler]
2016-08-12 16:05:37.693 [main] INFO  [AbstractUrlHandlerMapping.java:341] - Mapped URL path [/**/favicon.ico] onto handler of type [class org.springframework.web.servlet.resource.ResourceHttpRequestHandler]
2016-08-12 16:05:37.974 [main] INFO  [ResteasyBootstrap.java:76] - resteasy framework started
2016-08-12 16:05:38.377 [main] INFO  [MBeanExporter.java:431] - Registering beans for JMX exposure on startup
2016-08-12 16:05:38.431 [main] INFO  [ApplicationContextInitializer.java:92] - Current application name : chidi, ip : 192.168.187.1.
2016-08-12 16:05:38.473 [main] INFO  [DirectJDKLog.java:180] - Initializing ProtocolHandler ["http-nio-8080"]
2016-08-12 16:05:38.493 [main] INFO  [DirectJDKLog.java:180] - Starting ProtocolHandler ["http-nio-8080"]
2016-08-12 16:05:38.705 [main] INFO  [DirectJDKLog.java:180] - Using a shared selector for servlet write/read
2016-08-12 16:05:38.745 [main] INFO  [TomcatEmbeddedServletContainer.java:162] - Tomcat started on port(s): 8080 (http)
2016-08-12 16:05:38.754 [main] INFO  [RPCAutoConfiguration.java:159] - current version : 1.1.0
2016-08-12 16:05:38.768 [main] DEBUG [EulerProjectServiceSearchStrategy.java:46] - main class : com.primeton.euler.chidi.service.Application
2016-08-12 16:05:38.777 [main] DEBUG [EulerProjectServiceSearchStrategy.java:49] - find service in package : com.primeton.euler.chidi.service ; services : com.primeton.euler.chidi.service.api.impl.PingApiImpl,com.primeton.euler.chidi.service.api.PingApi,com.primeton.euler.chidi.service.Application,com.primeton.euler.chidi.service.conf.DataBaseEnv,com.primeton.euler.chidi.service.controller.SampleController,com.primeton.euler.chidi.service.core.ProductInstanceService,com.primeton.euler.chidi.service.core.ProductService,com.primeton.euler.chidi.service.model.Product,com.primeton.euler.chidi.service.model.ProductInstance,com.primeton.euler.chidi.service.util.DbUtils
2016-08-12 16:05:38.791 [main] DEBUG [ExportImpl.java:103] - export service interface com.primeton.euler.chidi.service.api.PingApi, service config : <motan:service export="http:8080" version="0.2.0" check="false" group="euler_group" />
2016-08-12 16:05:38.848 [main] INFO  [DefaultLogService.java:55] - DefaultRestExporter node init Success: [DefaultRestExporter] url=http://192.168.187.1:8080/com.primeton.euler.chidi.service.api.PingApi?group=euler_group
2016-08-12 16:05:38.849 [main] INFO  [DefaultLogService.java:55] - RestProtocol export Success: url=http://192.168.187.1:8080/com.primeton.euler.chidi.service.api.PingApi?group=euler_group
2016-08-12 16:05:39.460 [main] INFO  [DefaultLogService.java:59] - [EtcdRegistry] Url (http://192.168.187.1:8080/com.primeton.euler.chidi.service.api.PingApi?group=euler_group) will register to Registry [etcd://10.15.15.119:12379/default_rpc/com.weibo.api.motan.registry.RegistryService/1.0/service]
2016-08-12 16:05:40.065 [main] INFO  [DefaultLogService.java:59] - [EtcdRegistry] Url (null) will set to available to Registry [etcd://10.15.15.119:12379/default_rpc/com.weibo.api.motan.registry.RegistryService/1.0/service]
2016-08-12 16:05:40.323 [main] INFO  [StartupInfoLogger.java:57] - Started Application in 10.0 seconds (JVM running for 11.067)
2016-08-12 16:06:12.553 [http-nio-8080-exec-1] INFO  [DirectJDKLog.java:180] - Initializing Spring FrameworkServlet 'dispatcherServlet'
2016-08-12 16:06:12.554 [http-nio-8080-exec-1] INFO  [FrameworkServlet.java:488] - FrameworkServlet 'dispatcherServlet': initialization started
2016-08-12 16:06:12.596 [http-nio-8080-exec-1] INFO  [FrameworkServlet.java:507] - FrameworkServlet 'dispatcherServlet': initialization completed in 42 ms
2016-08-12 16:06:12.655 [http-nio-8080-exec-1] DEBUG [SecurityValidationFilter.java:70] - exclude url /
2016-08-12 16:06:12.656 [http-nio-8080-exec-1] DEBUG [SecurityValidationFilter.java:52] - do not security validate, exclude url , current path : /chidi/ping
2016-08-12 16:06:12.743 [http-nio-8080-exec-1] DEBUG [ReferImpl.java:63] - refer service java.lang.Class, refer config : <motan:referer version="0.2.0" check="false" group="euler_group" />
2016-08-12 16:06:12.776 [http-nio-8080-exec-1] INFO  [DefaultLogService.java:59] - [EtcdRegistry] Listener (com.weibo.api.motan.cluster.support.ClusterSupport@11effe12) will subscribe to url (http://192.168.187.1:0/org.gocom.euler.specs.portal.capability.api.StandardProductApi?group=euler_group) in Registry [etcd://10.15.15.119:12379/default_rpc/com.weibo.api.motan.registry.RegistryService/1.0/service]
2016-08-12 16:06:13.015 [http-nio-8080-exec-1] WARN  [EtcdRegistry.java:173] - fail to discover url : http://192.168.187.1:0/org.gocom.euler.specs.portal.capability.api.StandardProductApi?group=euler_group; Error response from etcd: Not Found{"errorCode":100,"message":"Key not found","cause":"/euler/euler_group/org.gocom.euler.specs.portal.capability.api.StandardProductApi/server","index":11524819}
(404)
com.justinsb.etcd.EtcdClientException: Error response from etcd: Not Found{"errorCode":100,"message":"Key not found","cause":"/euler/euler_group/org.gocom.euler.specs.portal.capability.api.StandardProductApi/server","index":11524819}
(404)
	at com.justinsb.etcd.EtcdClient.extractJsonResponse(EtcdClient.java:488)
	at com.justinsb.etcd.EtcdClient$3.apply(EtcdClient.java:459)
	at com.justinsb.etcd.EtcdClient$3.apply(EtcdClient.java:1)
	at com.google.common.util.concurrent.Futures$ChainingListenableFuture.run(Futures.java:906)
	at com.google.common.util.concurrent.MoreExecutors$DirectExecutor.execute(MoreExecutors.java:457)
	at com.google.common.util.concurrent.ExecutionList.executeListener(ExecutionList.java:156)
	at com.google.common.util.concurrent.ExecutionList.execute(ExecutionList.java:145)
	at com.google.common.util.concurrent.AbstractFuture.set(AbstractFuture.java:185)
	at com.google.common.util.concurrent.SettableFuture.set(SettableFuture.java:53)
	at com.justinsb.etcd.EtcdClient$4.onCompleted(EtcdClient.java:521)
	at com.justinsb.etcd.EtcdClient$4.onCompleted(EtcdClient.java:1)
	at org.asynchttpclient.AsyncCompletionHandler.onCompleted(AsyncCompletionHandler.java:64)
	at org.asynchttpclient.netty.NettyResponseFuture.getContent(NettyResponseFuture.java:188)
	at org.asynchttpclient.netty.NettyResponseFuture.done(NettyResponseFuture.java:223)
	at org.asynchttpclient.netty.handler.HttpHandler.finishUpdate(HttpHandler.java:58)
	at org.asynchttpclient.netty.handler.HttpHandler.handleChunk(HttpHandler.java:159)
	at org.asynchttpclient.netty.handler.HttpHandler.handleRead(HttpHandler.java:189)
	at org.asynchttpclient.netty.handler.AsyncHttpClientHandler.channelRead(AsyncHttpClientHandler.java:82)
	at io.netty.channel.AbstractChannelHandlerContext.invokeChannelRead(AbstractChannelHandlerContext.java:292)
	at io.netty.channel.AbstractChannelHandlerContext.fireChannelRead(AbstractChannelHandlerContext.java:278)
	at io.netty.channel.ChannelInboundHandlerAdapter.channelRead(ChannelInboundHandlerAdapter.java:86)
	at io.netty.channel.AbstractChannelHandlerContext.invokeChannelRead(AbstractChannelHandlerContext.java:292)
	at io.netty.channel.AbstractChannelHandlerContext.fireChannelRead(AbstractChannelHandlerContext.java:278)
	at io.netty.handler.codec.MessageToMessageDecoder.channelRead(MessageToMessageDecoder.java:103)
	at io.netty.channel.AbstractChannelHandlerContext.invokeChannelRead(AbstractChannelHandlerContext.java:292)
	at io.netty.channel.AbstractChannelHandlerContext.fireChannelRead(AbstractChannelHandlerContext.java:278)
	at io.netty.channel.CombinedChannelDuplexHandler$DelegatingChannelHandlerContext.fireChannelRead(CombinedChannelDuplexHandler.java:428)
	at io.netty.handler.codec.ByteToMessageDecoder.fireChannelRead(ByteToMessageDecoder.java:277)
	at io.netty.handler.codec.ByteToMessageDecoder.channelRead(ByteToMessageDecoder.java:264)
	at io.netty.channel.CombinedChannelDuplexHandler.channelRead(CombinedChannelDuplexHandler.java:243)
	at io.netty.channel.AbstractChannelHandlerContext.invokeChannelRead(AbstractChannelHandlerContext.java:292)
	at io.netty.channel.AbstractChannelHandlerContext.fireChannelRead(AbstractChannelHandlerContext.java:278)
	at io.netty.channel.DefaultChannelPipeline.fireChannelRead(DefaultChannelPipeline.java:962)
	at io.netty.channel.nio.AbstractNioByteChannel$NioByteUnsafe.read(AbstractNioByteChannel.java:131)
	at io.netty.channel.nio.NioEventLoop.processSelectedKey(NioEventLoop.java:528)
	at io.netty.channel.nio.NioEventLoop.processSelectedKeysOptimized(NioEventLoop.java:485)
	at io.netty.channel.nio.NioEventLoop.processSelectedKeys(NioEventLoop.java:399)
	at io.netty.channel.nio.NioEventLoop.run(NioEventLoop.java:371)
	at io.netty.util.concurrent.SingleThreadEventExecutor$2.run(SingleThreadEventExecutor.java:112)
	at io.netty.util.concurrent.DefaultThreadFactory$DefaultRunnableDecorator.run(DefaultThreadFactory.java:137)
	at java.lang.Thread.run(Thread.java:745)
2016-08-12 16:06:13.024 [http-nio-8080-exec-1] WARN  [DefaultLogService.java:75] - Failed to discover url:http://192.168.187.1:0/org.gocom.euler.specs.portal.capability.api.StandardProductApi?group=euler_group in registry (etcd://10.15.15.119:12379/com.weibo.api.motan.registry.RegistryService?group=default_rpc)
com.weibo.api.motan.exception.MotanFrameworkException: error_message: framework default error, status: 503, error_code: 20001,r=
	at com.primeton.euler.msf.registry.etcd.EtcdRegistry.doDiscover(EtcdRegistry.java:174)
	at com.weibo.api.motan.registry.support.AbstractRegistry.discover(AbstractRegistry.java:133)
	at com.weibo.api.motan.registry.support.FailbackRegistry.discover(FailbackRegistry.java:139)
	at com.primeton.euler.msf.registry.etcd.EtcdRegistry.notifyByDiscover(EtcdRegistry.java:266)
	at com.primeton.euler.msf.registry.etcd.EtcdRegistry.doSubscribe(EtcdRegistry.java:131)
	at com.weibo.api.motan.registry.support.AbstractRegistry.subscribe(AbstractRegistry.java:101)
	at com.weibo.api.motan.registry.support.FailbackRegistry.subscribe(FailbackRegistry.java:107)
	at com.weibo.api.motan.cluster.support.ClusterSupport.init(ClusterSupport.java:90)
	at com.weibo.api.motan.config.handler.SimpleConfigHandler.buildClusterSupport(SimpleConfigHandler.java:55)
	at com.weibo.api.motan.config.RefererConfig.createClusterSupport(RefererConfig.java:184)
	at com.weibo.api.motan.config.RefererConfig.initRef(RefererConfig.java:128)
	at com.weibo.api.motan.config.RefererConfig.getRef(RefererConfig.java:85)
	at com.primeton.euler.msf.rpc.service.RefererServiceManager.getRef(RefererServiceManager.java:34)
	at com.primeton.euler.msf.rpc.service.impl.ReferImpl.referServiceInternal(ReferImpl.java:66)
	at com.primeton.euler.msf.rpc.service.impl.ReferImpl.referService(ReferImpl.java:42)
	at com.primeton.euler.msf.rpc.DefaultMotanClient.getService(DefaultMotanClient.java:26)
	at com.primeton.euler.msf.rpc.annotation.MSFApiUtils.setMSFApi(MSFApiUtils.java:19)
	at com.primeton.euler.msf.rpc.annotation.MsfApiAnnotationBeanPostProcessor$1.doWith(MsfApiAnnotationBeanPostProcessor.java:49)
	at org.springframework.util.ReflectionUtils.doWithFields(ReflectionUtils.java:689)
	at org.springframework.util.ReflectionUtils.doWithFields(ReflectionUtils.java:669)
	at com.primeton.euler.msf.rpc.annotation.MsfApiAnnotationBeanPostProcessor.processMsfApi(MsfApiAnnotationBeanPostProcessor.java:43)
	at com.primeton.euler.msf.rpc.annotation.MsfApiAnnotationBeanPostProcessor.postProcessAfterInitialization(MsfApiAnnotationBeanPostProcessor.java:38)
	at org.springframework.beans.factory.support.AbstractAutowireCapableBeanFactory.applyBeanPostProcessorsAfterInitialization(AbstractAutowireCapableBeanFactory.java:422)
	at org.springframework.beans.factory.support.AbstractAutowireCapableBeanFactory.initializeBean(AbstractAutowireCapableBeanFactory.java:1583)
	at org.springframework.beans.factory.support.AbstractAutowireCapableBeanFactory.doCreateBean(AbstractAutowireCapableBeanFactory.java:545)
	at org.springframework.beans.factory.support.AbstractAutowireCapableBeanFactory.createBean(AbstractAutowireCapableBeanFactory.java:482)
	at org.springframework.beans.factory.support.AbstractBeanFactory$2.getObject(AbstractBeanFactory.java:345)
	at org.springframework.web.context.request.AbstractRequestAttributesScope.get(AbstractRequestAttributesScope.java:44)
	at org.springframework.beans.factory.support.AbstractBeanFactory.doGetBean(AbstractBeanFactory.java:340)
	at org.springframework.beans.factory.support.AbstractBeanFactory.getBean(AbstractBeanFactory.java:197)
	at org.jboss.resteasy.plugins.spring.SpringResourceFactory.createResource(SpringResourceFactory.java:41)
	at org.jboss.resteasy.core.ResourceMethodInvoker.invoke(ResourceMethodInvoker.java:235)
	at org.jboss.resteasy.springmvc.ResteasyHandlerAdapter.createModelAndView(ResteasyHandlerAdapter.java:96)
	at org.jboss.resteasy.springmvc.ResteasyHandlerAdapter.handle(ResteasyHandlerAdapter.java:82)
	at org.jboss.resteasy.springmvc.ResteasyHandlerAdapter.handle(ResteasyHandlerAdapter.java:26)
	at org.jboss.resteasy.springmvc.ResteasyWebHandlerTemplate.handle(ResteasyWebHandlerTemplate.java:39)
	at org.jboss.resteasy.springmvc.ResteasyHandlerAdapter.handle(ResteasyHandlerAdapter.java:47)
	at org.springframework.web.servlet.DispatcherServlet.doDispatch(DispatcherServlet.java:959)
	at org.springframework.web.servlet.DispatcherServlet.doService(DispatcherServlet.java:893)
	at org.springframework.web.servlet.FrameworkServlet.processRequest(FrameworkServlet.java:968)
	at org.springframework.web.servlet.FrameworkServlet.doGet(FrameworkServlet.java:859)
	at javax.servlet.http.HttpServlet.service(HttpServlet.java:687)
	at org.springframework.web.servlet.FrameworkServlet.service(FrameworkServlet.java:844)
	at javax.servlet.http.HttpServlet.service(HttpServlet.java:790)
	at org.apache.catalina.core.ApplicationFilterChain.internalDoFilter(ApplicationFilterChain.java:292)
	at org.apache.catalina.core.ApplicationFilterChain.doFilter(ApplicationFilterChain.java:207)
	at org.apache.tomcat.websocket.server.WsFilter.doFilter(WsFilter.java:52)
	at org.apache.catalina.core.ApplicationFilterChain.internalDoFilter(ApplicationFilterChain.java:240)
	at org.apache.catalina.core.ApplicationFilterChain.doFilter(ApplicationFilterChain.java:207)
	at com.primeton.euler.cbc.security.SecurityValidationFilter.doFilterInternal(SecurityValidationFilter.java:53)
	at com.primeton.euler.cbc.access.AbstractHttpFilter.doFilter(AbstractHttpFilter.java:41)
	at org.apache.catalina.core.ApplicationFilterChain.internalDoFilter(ApplicationFilterChain.java:240)
	at org.apache.catalina.core.ApplicationFilterChain.doFilter(ApplicationFilterChain.java:207)
	at org.springframework.web.filter.HttpPutFormContentFilter.doFilterInternal(HttpPutFormContentFilter.java:87)
	at org.springframework.web.filter.OncePerRequestFilter.doFilter(OncePerRequestFilter.java:107)
	at org.apache.catalina.core.ApplicationFilterChain.internalDoFilter(ApplicationFilterChain.java:240)
	at org.apache.catalina.core.ApplicationFilterChain.doFilter(ApplicationFilterChain.java:207)
	at org.springframework.web.filter.HiddenHttpMethodFilter.doFilterInternal(HiddenHttpMethodFilter.java:77)
	at org.springframework.web.filter.OncePerRequestFilter.doFilter(OncePerRequestFilter.java:107)
	at org.apache.catalina.core.ApplicationFilterChain.internalDoFilter(ApplicationFilterChain.java:240)
	at org.apache.catalina.core.ApplicationFilterChain.doFilter(ApplicationFilterChain.java:207)
	at com.primeton.euler.cbc.access.SystemLogFilter.doFilterInternal(SystemLogFilter.java:93)
	at com.primeton.euler.cbc.access.AbstractHttpFilter.doFilter(AbstractHttpFilter.java:41)
	at org.apache.catalina.core.ApplicationFilterChain.internalDoFilter(ApplicationFilterChain.java:240)
	at org.apache.catalina.core.ApplicationFilterChain.doFilter(ApplicationFilterChain.java:207)
	at com.primeton.euler.cbc.access.MessageFilter.doFilterInternal(MessageFilter.java:66)
	at com.primeton.euler.cbc.access.AbstractHttpFilter.doFilter(AbstractHttpFilter.java:41)
	at org.apache.catalina.core.ApplicationFilterChain.internalDoFilter(ApplicationFilterChain.java:240)
	at org.apache.catalina.core.ApplicationFilterChain.doFilter(ApplicationFilterChain.java:207)
	at com.primeton.euler.msf.access.ExceptionFilter.doFilterInternal(ExceptionFilter.java:75)
	at com.primeton.euler.cbc.access.AbstractHttpFilter.doFilter(AbstractHttpFilter.java:41)
	at org.apache.catalina.core.ApplicationFilterChain.internalDoFilter(ApplicationFilterChain.java:240)
	at org.apache.catalina.core.ApplicationFilterChain.doFilter(ApplicationFilterChain.java:207)
	at org.springframework.web.filter.CharacterEncodingFilter.doFilterInternal(CharacterEncodingFilter.java:121)
	at org.springframework.web.filter.OncePerRequestFilter.doFilter(OncePerRequestFilter.java:107)
	at org.apache.catalina.core.ApplicationFilterChain.internalDoFilter(ApplicationFilterChain.java:240)
	at org.apache.catalina.core.ApplicationFilterChain.doFilter(ApplicationFilterChain.java:207)
	at org.apache.catalina.core.StandardWrapperValve.invoke(StandardWrapperValve.java:212)
	at org.apache.catalina.core.StandardContextValve.invoke(StandardContextValve.java:106)
	at org.apache.catalina.authenticator.AuthenticatorBase.invoke(AuthenticatorBase.java:502)
	at org.apache.catalina.core.StandardHostValve.invoke(StandardHostValve.java:141)
	at org.apache.catalina.valves.ErrorReportValve.invoke(ErrorReportValve.java:79)
	at org.apache.catalina.core.StandardEngineValve.invoke(StandardEngineValve.java:88)
	at org.apache.catalina.connector.CoyoteAdapter.service(CoyoteAdapter.java:522)
	at org.apache.coyote.http11.AbstractHttp11Processor.process(AbstractHttp11Processor.java:1095)
	at org.apache.coyote.AbstractProtocol$AbstractConnectionHandler.process(AbstractProtocol.java:672)
	at org.apache.tomcat.util.net.NioEndpoint$SocketProcessor.doRun(NioEndpoint.java:1500)
	at org.apache.tomcat.util.net.NioEndpoint$SocketProcessor.run(NioEndpoint.java:1456)
	at java.util.concurrent.ThreadPoolExecutor.runWorker(ThreadPoolExecutor.java:1142)
	at java.util.concurrent.ThreadPoolExecutor$Worker.run(ThreadPoolExecutor.java:617)
	at org.apache.tomcat.util.threads.TaskThread$WrappingRunnable.run(TaskThread.java:61)
	at java.lang.Thread.run(Thread.java:745)
Caused by: com.justinsb.etcd.EtcdClientException: Error response from etcd: Not Found{"errorCode":100,"message":"Key not found","cause":"/euler/euler_group/org.gocom.euler.specs.portal.capability.api.StandardProductApi/server","index":11524819}
(404)
	at com.justinsb.etcd.EtcdClient.extractJsonResponse(EtcdClient.java:488)
	at com.justinsb.etcd.EtcdClient$3.apply(EtcdClient.java:459)
	at com.justinsb.etcd.EtcdClient$3.apply(EtcdClient.java:1)
	at com.google.common.util.concurrent.Futures$ChainingListenableFuture.run(Futures.java:906)
	at com.google.common.util.concurrent.MoreExecutors$DirectExecutor.execute(MoreExecutors.java:457)
	at com.google.common.util.concurrent.ExecutionList.executeListener(ExecutionList.java:156)
	at com.google.common.util.concurrent.ExecutionList.execute(ExecutionList.java:145)
	at com.google.common.util.concurrent.AbstractFuture.set(AbstractFuture.java:185)
	at com.google.common.util.concurrent.SettableFuture.set(SettableFuture.java:53)
	at com.justinsb.etcd.EtcdClient$4.onCompleted(EtcdClient.java:521)
	at com.justinsb.etcd.EtcdClient$4.onCompleted(EtcdClient.java:1)
	at org.asynchttpclient.AsyncCompletionHandler.onCompleted(AsyncCompletionHandler.java:64)
	at org.asynchttpclient.netty.NettyResponseFuture.getContent(NettyResponseFuture.java:188)
	at org.asynchttpclient.netty.NettyResponseFuture.done(NettyResponseFuture.java:223)
	at org.asynchttpclient.netty.handler.HttpHandler.finishUpdate(HttpHandler.java:58)
	at org.asynchttpclient.netty.handler.HttpHandler.handleChunk(HttpHandler.java:159)
	at org.asynchttpclient.netty.handler.HttpHandler.handleRead(HttpHandler.java:189)
	at org.asynchttpclient.netty.handler.AsyncHttpClientHandler.channelRead(AsyncHttpClientHandler.java:82)
	at io.netty.channel.AbstractChannelHandlerContext.invokeChannelRead(AbstractChannelHandlerContext.java:292)
	at io.netty.channel.AbstractChannelHandlerContext.fireChannelRead(AbstractChannelHandlerContext.java:278)
	at io.netty.channel.ChannelInboundHandlerAdapter.channelRead(ChannelInboundHandlerAdapter.java:86)
	at io.netty.channel.AbstractChannelHandlerContext.invokeChannelRead(AbstractChannelHandlerContext.java:292)
	at io.netty.channel.AbstractChannelHandlerContext.fireChannelRead(AbstractChannelHandlerContext.java:278)
	at io.netty.handler.codec.MessageToMessageDecoder.channelRead(MessageToMessageDecoder.java:103)
	at io.netty.channel.AbstractChannelHandlerContext.invokeChannelRead(AbstractChannelHandlerContext.java:292)
	at io.netty.channel.AbstractChannelHandlerContext.fireChannelRead(AbstractChannelHandlerContext.java:278)
	at io.netty.channel.CombinedChannelDuplexHandler$DelegatingChannelHandlerContext.fireChannelRead(CombinedChannelDuplexHandler.java:428)
	at io.netty.handler.codec.ByteToMessageDecoder.fireChannelRead(ByteToMessageDecoder.java:277)
	at io.netty.handler.codec.ByteToMessageDecoder.channelRead(ByteToMessageDecoder.java:264)
	at io.netty.channel.CombinedChannelDuplexHandler.channelRead(CombinedChannelDuplexHandler.java:243)
	at io.netty.channel.AbstractChannelHandlerContext.invokeChannelRead(AbstractChannelHandlerContext.java:292)
	at io.netty.channel.AbstractChannelHandlerContext.fireChannelRead(AbstractChannelHandlerContext.java:278)
	at io.netty.channel.DefaultChannelPipeline.fireChannelRead(DefaultChannelPipeline.java:962)
	at io.netty.channel.nio.AbstractNioByteChannel$NioByteUnsafe.read(AbstractNioByteChannel.java:131)
	at io.netty.channel.nio.NioEventLoop.processSelectedKey(NioEventLoop.java:528)
	at io.netty.channel.nio.NioEventLoop.processSelectedKeysOptimized(NioEventLoop.java:485)
	at io.netty.channel.nio.NioEventLoop.processSelectedKeys(NioEventLoop.java:399)
	at io.netty.channel.nio.NioEventLoop.run(NioEventLoop.java:371)
	at io.netty.util.concurrent.SingleThreadEventExecutor$2.run(SingleThreadEventExecutor.java:112)
	at io.netty.util.concurrent.DefaultThreadFactory$DefaultRunnableDecorator.run(DefaultThreadFactory.java:137)
	... 1 common frames omitted
2016-08-12 16:06:13.033 [http-nio-8080-exec-1] WARN  [DefaultLogService.java:71] - ClusterSupport config change notify, urls is empty: registry=etcd://10.15.15.119:12379/com.weibo.api.motan.registry.RegistryService service=http://192.168.187.1:0/euler_group/org.gocom.euler.specs.portal.capability.api.StandardProductApi/0.2.0/referer urls=[]
2016-08-12 16:06:13.033 [http-nio-8080-exec-1] WARN  [DefaultLogService.java:71] - refer:org.gocom.euler.specs.portal.capability.api.StandardProductApi/0.2.0
2016-08-12 16:06:13.049 [http-nio-8080-exec-1] DEBUG [MSFApiUtils.java:22] - Autowired by MSF, set bean : com.primeton.euler.chidi.service.api.impl.PingApiImpl@168b86f5 field : private org.gocom.euler.specs.portal.capability.api.StandardProductApi com.primeton.euler.chidi.service.api.impl.PingApiImpl.productApi with object : interface org.gocom.euler.specs.portal.capability.api.StandardProductApi
2016-08-12 16:06:18.522 [http-nio-8080-exec-1] ERROR [DefaultLogService.java:87] - RefererInvocationHandler invoke Error: uri=http://192.168.187.1:0/org.gocom.euler.specs.portal.capability.api.StandardProductApi requestId=147098917852000001 interface=org.gocom.euler.specs.portal.capability.api.StandardProductApi method=toString(void)
com.weibo.api.motan.exception.MotanServiceException: error_message: ActiveWeightLoadBalance No available referers for call : referers_size= 0 requestId=147098917852000001 interface=org.gocom.euler.specs.portal.capability.api.StandardProductApi method=toString(void), status: 503, error_code: 10001,r=
	at com.weibo.api.motan.cluster.loadbalance.AbstractLoadBalance.selectToHolder(AbstractLoadBalance.java:69)
	at com.weibo.api.motan.cluster.ha.FailoverHaStrategy.selectReferers(FailoverHaStrategy.java:90)
	at com.weibo.api.motan.protocol.rest.FailoverHaStrategyEx.call(FailoverHaStrategyEx.java:32)
	at com.weibo.api.motan.cluster.support.ClusterSpi.call(ClusterSpi.java:73)
	at com.weibo.api.motan.proxy.RefererInvocationHandler.invoke(RefererInvocationHandler.java:108)
	at com.sun.proxy.$Proxy84.toString(Unknown Source)
	at com.primeton.euler.chidi.service.api.impl.PingApiImpl.ping(PingApiImpl.java:31)
	at sun.reflect.NativeMethodAccessorImpl.invoke0(Native Method)
	at sun.reflect.NativeMethodAccessorImpl.invoke(NativeMethodAccessorImpl.java:62)
	at sun.reflect.DelegatingMethodAccessorImpl.invoke(DelegatingMethodAccessorImpl.java:43)
	at java.lang.reflect.Method.invoke(Method.java:498)
	at org.jboss.resteasy.core.MethodInjectorImpl.invoke(MethodInjectorImpl.java:139)
	at org.jboss.resteasy.core.ResourceMethodInvoker.invokeOnTarget(ResourceMethodInvoker.java:295)
	at org.jboss.resteasy.core.ResourceMethodInvoker.invoke(ResourceMethodInvoker.java:249)
	at org.jboss.resteasy.core.ResourceMethodInvoker.invoke(ResourceMethodInvoker.java:236)
	at org.jboss.resteasy.springmvc.ResteasyHandlerAdapter.createModelAndView(ResteasyHandlerAdapter.java:96)
	at org.jboss.resteasy.springmvc.ResteasyHandlerAdapter.handle(ResteasyHandlerAdapter.java:82)
	at org.jboss.resteasy.springmvc.ResteasyHandlerAdapter.handle(ResteasyHandlerAdapter.java:26)
	at org.jboss.resteasy.springmvc.ResteasyWebHandlerTemplate.handle(ResteasyWebHandlerTemplate.java:39)
	at org.jboss.resteasy.springmvc.ResteasyHandlerAdapter.handle(ResteasyHandlerAdapter.java:47)
	at org.springframework.web.servlet.DispatcherServlet.doDispatch(DispatcherServlet.java:959)
	at org.springframework.web.servlet.DispatcherServlet.doService(DispatcherServlet.java:893)
	at org.springframework.web.servlet.FrameworkServlet.processRequest(FrameworkServlet.java:968)
	at org.springframework.web.servlet.FrameworkServlet.doGet(FrameworkServlet.java:859)
	at javax.servlet.http.HttpServlet.service(HttpServlet.java:687)
	at org.springframework.web.servlet.FrameworkServlet.service(FrameworkServlet.java:844)
	at javax.servlet.http.HttpServlet.service(HttpServlet.java:790)
	at org.apache.catalina.core.ApplicationFilterChain.internalDoFilter(ApplicationFilterChain.java:292)
	at org.apache.catalina.core.ApplicationFilterChain.doFilter(ApplicationFilterChain.java:207)
	at org.apache.tomcat.websocket.server.WsFilter.doFilter(WsFilter.java:52)
	at org.apache.catalina.core.ApplicationFilterChain.internalDoFilter(ApplicationFilterChain.java:240)
	at org.apache.catalina.core.ApplicationFilterChain.doFilter(ApplicationFilterChain.java:207)
	at com.primeton.euler.cbc.security.SecurityValidationFilter.doFilterInternal(SecurityValidationFilter.java:53)
	at com.primeton.euler.cbc.access.AbstractHttpFilter.doFilter(AbstractHttpFilter.java:41)
	at org.apache.catalina.core.ApplicationFilterChain.internalDoFilter(ApplicationFilterChain.java:240)
	at org.apache.catalina.core.ApplicationFilterChain.doFilter(ApplicationFilterChain.java:207)
	at org.springframework.web.filter.HttpPutFormContentFilter.doFilterInternal(HttpPutFormContentFilter.java:87)
	at org.springframework.web.filter.OncePerRequestFilter.doFilter(OncePerRequestFilter.java:107)
	at org.apache.catalina.core.ApplicationFilterChain.internalDoFilter(ApplicationFilterChain.java:240)
	at org.apache.catalina.core.ApplicationFilterChain.doFilter(ApplicationFilterChain.java:207)
	at org.springframework.web.filter.HiddenHttpMethodFilter.doFilterInternal(HiddenHttpMethodFilter.java:77)
	at org.springframework.web.filter.OncePerRequestFilter.doFilter(OncePerRequestFilter.java:107)
	at org.apache.catalina.core.ApplicationFilterChain.internalDoFilter(ApplicationFilterChain.java:240)
	at org.apache.catalina.core.ApplicationFilterChain.doFilter(ApplicationFilterChain.java:207)
	at com.primeton.euler.cbc.access.SystemLogFilter.doFilterInternal(SystemLogFilter.java:93)
	at com.primeton.euler.cbc.access.AbstractHttpFilter.doFilter(AbstractHttpFilter.java:41)
	at org.apache.catalina.core.ApplicationFilterChain.internalDoFilter(ApplicationFilterChain.java:240)
	at org.apache.catalina.core.ApplicationFilterChain.doFilter(ApplicationFilterChain.java:207)
	at com.primeton.euler.cbc.access.MessageFilter.doFilterInternal(MessageFilter.java:66)
	at com.primeton.euler.cbc.access.AbstractHttpFilter.doFilter(AbstractHttpFilter.java:41)
	at org.apache.catalina.core.ApplicationFilterChain.internalDoFilter(ApplicationFilterChain.java:240)
	at org.apache.catalina.core.ApplicationFilterChain.doFilter(ApplicationFilterChain.java:207)
	at com.primeton.euler.msf.access.ExceptionFilter.doFilterInternal(ExceptionFilter.java:75)
	at com.primeton.euler.cbc.access.AbstractHttpFilter.doFilter(AbstractHttpFilter.java:41)
	at org.apache.catalina.core.ApplicationFilterChain.internalDoFilter(ApplicationFilterChain.java:240)
	at org.apache.catalina.core.ApplicationFilterChain.doFilter(ApplicationFilterChain.java:207)
	at org.springframework.web.filter.CharacterEncodingFilter.doFilterInternal(CharacterEncodingFilter.java:121)
	at org.springframework.web.filter.OncePerRequestFilter.doFilter(OncePerRequestFilter.java:107)
	at org.apache.catalina.core.ApplicationFilterChain.internalDoFilter(ApplicationFilterChain.java:240)
	at org.apache.catalina.core.ApplicationFilterChain.doFilter(ApplicationFilterChain.java:207)
	at org.apache.catalina.core.StandardWrapperValve.invoke(StandardWrapperValve.java:212)
	at org.apache.catalina.core.StandardContextValve.invoke(StandardContextValve.java:106)
	at org.apache.catalina.authenticator.AuthenticatorBase.invoke(AuthenticatorBase.java:502)
	at org.apache.catalina.core.StandardHostValve.invoke(StandardHostValve.java:141)
	at org.apache.catalina.valves.ErrorReportValve.invoke(ErrorReportValve.java:79)
	at org.apache.catalina.core.StandardEngineValve.invoke(StandardEngineValve.java:88)
	at org.apache.catalina.connector.CoyoteAdapter.service(CoyoteAdapter.java:522)
	at org.apache.coyote.http11.AbstractHttp11Processor.process(AbstractHttp11Processor.java:1095)
	at org.apache.coyote.AbstractProtocol$AbstractConnectionHandler.process(AbstractProtocol.java:672)
	at org.apache.tomcat.util.net.NioEndpoint$SocketProcessor.doRun(NioEndpoint.java:1500)
	at org.apache.tomcat.util.net.NioEndpoint$SocketProcessor.run(NioEndpoint.java:1456)
	at java.util.concurrent.ThreadPoolExecutor.runWorker(ThreadPoolExecutor.java:1142)
	at java.util.concurrent.ThreadPoolExecutor$Worker.run(ThreadPoolExecutor.java:617)
	at org.apache.tomcat.util.threads.TaskThread$WrappingRunnable.run(TaskThread.java:61)
	at java.lang.Thread.run(Thread.java:745)
2016-08-12 16:06:20.668 [http-nio-8080-exec-1] ERROR [DefaultLogService.java:87] - RefererInvocationHandler invoke Error: uri=http://192.168.187.1:0/org.gocom.euler.specs.portal.capability.api.StandardProductApi requestId=147098918066800002 interface=org.gocom.euler.specs.portal.capability.api.StandardProductApi method=toString(void)
com.weibo.api.motan.exception.MotanServiceException: error_message: ActiveWeightLoadBalance No available referers for call : referers_size= 0 requestId=147098918066800002 interface=org.gocom.euler.specs.portal.capability.api.StandardProductApi method=toString(void), status: 503, error_code: 10001,r=
	at com.weibo.api.motan.cluster.loadbalance.AbstractLoadBalance.selectToHolder(AbstractLoadBalance.java:69)
	at com.weibo.api.motan.cluster.ha.FailoverHaStrategy.selectReferers(FailoverHaStrategy.java:90)
	at com.weibo.api.motan.protocol.rest.FailoverHaStrategyEx.call(FailoverHaStrategyEx.java:32)
	at com.weibo.api.motan.cluster.support.ClusterSpi.call(ClusterSpi.java:73)
	at com.weibo.api.motan.proxy.RefererInvocationHandler.invoke(RefererInvocationHandler.java:108)
	at com.sun.proxy.$Proxy84.toString(Unknown Source)
	at com.primeton.euler.chidi.service.api.impl.PingApiImpl.ping(PingApiImpl.java:31)
	at sun.reflect.NativeMethodAccessorImpl.invoke0(Native Method)
	at sun.reflect.NativeMethodAccessorImpl.invoke(NativeMethodAccessorImpl.java:62)
	at sun.reflect.DelegatingMethodAccessorImpl.invoke(DelegatingMethodAccessorImpl.java:43)
	at java.lang.reflect.Method.invoke(Method.java:498)
	at org.jboss.resteasy.core.MethodInjectorImpl.invoke(MethodInjectorImpl.java:139)
	at org.jboss.resteasy.core.ResourceMethodInvoker.invokeOnTarget(ResourceMethodInvoker.java:295)
	at org.jboss.resteasy.core.ResourceMethodInvoker.invoke(ResourceMethodInvoker.java:249)
	at org.jboss.resteasy.core.ResourceMethodInvoker.invoke(ResourceMethodInvoker.java:236)
	at org.jboss.resteasy.springmvc.ResteasyHandlerAdapter.createModelAndView(ResteasyHandlerAdapter.java:96)
	at org.jboss.resteasy.springmvc.ResteasyHandlerAdapter.handle(ResteasyHandlerAdapter.java:82)
	at org.jboss.resteasy.springmvc.ResteasyHandlerAdapter.handle(ResteasyHandlerAdapter.java:26)
	at org.jboss.resteasy.springmvc.ResteasyWebHandlerTemplate.handle(ResteasyWebHandlerTemplate.java:39)
	at org.jboss.resteasy.springmvc.ResteasyHandlerAdapter.handle(ResteasyHandlerAdapter.java:47)
	at org.springframework.web.servlet.DispatcherServlet.doDispatch(DispatcherServlet.java:959)
	at org.springframework.web.servlet.DispatcherServlet.doService(DispatcherServlet.java:893)
	at org.springframework.web.servlet.FrameworkServlet.processRequest(FrameworkServlet.java:968)
	at org.springframework.web.servlet.FrameworkServlet.doGet(FrameworkServlet.java:859)
	at javax.servlet.http.HttpServlet.service(HttpServlet.java:687)
	at org.springframework.web.servlet.FrameworkServlet.service(FrameworkServlet.java:844)
	at javax.servlet.http.HttpServlet.service(HttpServlet.java:790)
	at org.apache.catalina.core.ApplicationFilterChain.internalDoFilter(ApplicationFilterChain.java:292)
	at org.apache.catalina.core.ApplicationFilterChain.doFilter(ApplicationFilterChain.java:207)
	at org.apache.tomcat.websocket.server.WsFilter.doFilter(WsFilter.java:52)
	at org.apache.catalina.core.ApplicationFilterChain.internalDoFilter(ApplicationFilterChain.java:240)
	at org.apache.catalina.core.ApplicationFilterChain.doFilter(ApplicationFilterChain.java:207)
	at com.primeton.euler.cbc.security.SecurityValidationFilter.doFilterInternal(SecurityValidationFilter.java:53)
	at com.primeton.euler.cbc.access.AbstractHttpFilter.doFilter(AbstractHttpFilter.java:41)
	at org.apache.catalina.core.ApplicationFilterChain.internalDoFilter(ApplicationFilterChain.java:240)
	at org.apache.catalina.core.ApplicationFilterChain.doFilter(ApplicationFilterChain.java:207)
	at org.springframework.web.filter.HttpPutFormContentFilter.doFilterInternal(HttpPutFormContentFilter.java:87)
	at org.springframework.web.filter.OncePerRequestFilter.doFilter(OncePerRequestFilter.java:107)
	at org.apache.catalina.core.ApplicationFilterChain.internalDoFilter(ApplicationFilterChain.java:240)
	at org.apache.catalina.core.ApplicationFilterChain.doFilter(ApplicationFilterChain.java:207)
	at org.springframework.web.filter.HiddenHttpMethodFilter.doFilterInternal(HiddenHttpMethodFilter.java:77)
	at org.springframework.web.filter.OncePerRequestFilter.doFilter(OncePerRequestFilter.java:107)
	at org.apache.catalina.core.ApplicationFilterChain.internalDoFilter(ApplicationFilterChain.java:240)
	at org.apache.catalina.core.ApplicationFilterChain.doFilter(ApplicationFilterChain.java:207)
	at com.primeton.euler.cbc.access.SystemLogFilter.doFilterInternal(SystemLogFilter.java:93)
	at com.primeton.euler.cbc.access.AbstractHttpFilter.doFilter(AbstractHttpFilter.java:41)
	at org.apache.catalina.core.ApplicationFilterChain.internalDoFilter(ApplicationFilterChain.java:240)
	at org.apache.catalina.core.ApplicationFilterChain.doFilter(ApplicationFilterChain.java:207)
	at com.primeton.euler.cbc.access.MessageFilter.doFilterInternal(MessageFilter.java:66)
	at com.primeton.euler.cbc.access.AbstractHttpFilter.doFilter(AbstractHttpFilter.java:41)
	at org.apache.catalina.core.ApplicationFilterChain.internalDoFilter(ApplicationFilterChain.java:240)
	at org.apache.catalina.core.ApplicationFilterChain.doFilter(ApplicationFilterChain.java:207)
	at com.primeton.euler.msf.access.ExceptionFilter.doFilterInternal(ExceptionFilter.java:75)
	at com.primeton.euler.cbc.access.AbstractHttpFilter.doFilter(AbstractHttpFilter.java:41)
	at org.apache.catalina.core.ApplicationFilterChain.internalDoFilter(ApplicationFilterChain.java:240)
	at org.apache.catalina.core.ApplicationFilterChain.doFilter(ApplicationFilterChain.java:207)
	at org.springframework.web.filter.CharacterEncodingFilter.doFilterInternal(CharacterEncodingFilter.java:121)
	at org.springframework.web.filter.OncePerRequestFilter.doFilter(OncePerRequestFilter.java:107)
	at org.apache.catalina.core.ApplicationFilterChain.internalDoFilter(ApplicationFilterChain.java:240)
	at org.apache.catalina.core.ApplicationFilterChain.doFilter(ApplicationFilterChain.java:207)
	at org.apache.catalina.core.StandardWrapperValve.invoke(StandardWrapperValve.java:212)
	at org.apache.catalina.core.StandardContextValve.invoke(StandardContextValve.java:106)
	at org.apache.catalina.authenticator.AuthenticatorBase.invoke(AuthenticatorBase.java:502)
	at org.apache.catalina.core.StandardHostValve.invoke(StandardHostValve.java:141)
	at org.apache.catalina.valves.ErrorReportValve.invoke(ErrorReportValve.java:79)
	at org.apache.catalina.core.StandardEngineValve.invoke(StandardEngineValve.java:88)
	at org.apache.catalina.connector.CoyoteAdapter.service(CoyoteAdapter.java:522)
	at org.apache.coyote.http11.AbstractHttp11Processor.process(AbstractHttp11Processor.java:1095)
	at org.apache.coyote.AbstractProtocol$AbstractConnectionHandler.process(AbstractProtocol.java:672)
	at org.apache.tomcat.util.net.NioEndpoint$SocketProcessor.doRun(NioEndpoint.java:1500)
	at org.apache.tomcat.util.net.NioEndpoint$SocketProcessor.run(NioEndpoint.java:1456)
	at java.util.concurrent.ThreadPoolExecutor.runWorker(ThreadPoolExecutor.java:1142)
	at java.util.concurrent.ThreadPoolExecutor$Worker.run(ThreadPoolExecutor.java:617)
	at org.apache.tomcat.util.threads.TaskThread$WrappingRunnable.run(TaskThread.java:61)
	at java.lang.Thread.run(Thread.java:745)
2016-08-12 16:06:25.529 [http-nio-8080-exec-1] ERROR [DefaultLogService.java:87] - RefererInvocationHandler invoke Error: uri=http://192.168.187.1:0/org.gocom.euler.specs.portal.capability.api.StandardProductApi requestId=147098918552800003 interface=org.gocom.euler.specs.portal.capability.api.StandardProductApi method=toString(void)
com.weibo.api.motan.exception.MotanServiceException: error_message: ActiveWeightLoadBalance No available referers for call : referers_size= 0 requestId=147098918552800003 interface=org.gocom.euler.specs.portal.capability.api.StandardProductApi method=toString(void), status: 503, error_code: 10001,r=
	at com.weibo.api.motan.cluster.loadbalance.AbstractLoadBalance.selectToHolder(AbstractLoadBalance.java:69)
	at com.weibo.api.motan.cluster.ha.FailoverHaStrategy.selectReferers(FailoverHaStrategy.java:90)
	at com.weibo.api.motan.protocol.rest.FailoverHaStrategyEx.call(FailoverHaStrategyEx.java:32)
	at com.weibo.api.motan.cluster.support.ClusterSpi.call(ClusterSpi.java:73)
	at com.weibo.api.motan.proxy.RefererInvocationHandler.invoke(RefererInvocationHandler.java:108)
	at com.sun.proxy.$Proxy84.toString(Unknown Source)
	at com.primeton.euler.chidi.service.api.impl.PingApiImpl.ping(PingApiImpl.java:31)
	at sun.reflect.NativeMethodAccessorImpl.invoke0(Native Method)
	at sun.reflect.NativeMethodAccessorImpl.invoke(NativeMethodAccessorImpl.java:62)
	at sun.reflect.DelegatingMethodAccessorImpl.invoke(DelegatingMethodAccessorImpl.java:43)
	at java.lang.reflect.Method.invoke(Method.java:498)
	at org.jboss.resteasy.core.MethodInjectorImpl.invoke(MethodInjectorImpl.java:139)
	at org.jboss.resteasy.core.ResourceMethodInvoker.invokeOnTarget(ResourceMethodInvoker.java:295)
	at org.jboss.resteasy.core.ResourceMethodInvoker.invoke(ResourceMethodInvoker.java:249)
	at org.jboss.resteasy.core.ResourceMethodInvoker.invoke(ResourceMethodInvoker.java:236)
	at org.jboss.resteasy.springmvc.ResteasyHandlerAdapter.createModelAndView(ResteasyHandlerAdapter.java:96)
	at org.jboss.resteasy.springmvc.ResteasyHandlerAdapter.handle(ResteasyHandlerAdapter.java:82)
	at org.jboss.resteasy.springmvc.ResteasyHandlerAdapter.handle(ResteasyHandlerAdapter.java:26)
	at org.jboss.resteasy.springmvc.ResteasyWebHandlerTemplate.handle(ResteasyWebHandlerTemplate.java:39)
	at org.jboss.resteasy.springmvc.ResteasyHandlerAdapter.handle(ResteasyHandlerAdapter.java:47)
	at org.springframework.web.servlet.DispatcherServlet.doDispatch(DispatcherServlet.java:959)
	at org.springframework.web.servlet.DispatcherServlet.doService(DispatcherServlet.java:893)
	at org.springframework.web.servlet.FrameworkServlet.processRequest(FrameworkServlet.java:968)
	at org.springframework.web.servlet.FrameworkServlet.doGet(FrameworkServlet.java:859)
	at javax.servlet.http.HttpServlet.service(HttpServlet.java:687)
	at org.springframework.web.servlet.FrameworkServlet.service(FrameworkServlet.java:844)
	at javax.servlet.http.HttpServlet.service(HttpServlet.java:790)
	at org.apache.catalina.core.ApplicationFilterChain.internalDoFilter(ApplicationFilterChain.java:292)
	at org.apache.catalina.core.ApplicationFilterChain.doFilter(ApplicationFilterChain.java:207)
	at org.apache.tomcat.websocket.server.WsFilter.doFilter(WsFilter.java:52)
	at org.apache.catalina.core.ApplicationFilterChain.internalDoFilter(ApplicationFilterChain.java:240)
	at org.apache.catalina.core.ApplicationFilterChain.doFilter(ApplicationFilterChain.java:207)
	at com.primeton.euler.cbc.security.SecurityValidationFilter.doFilterInternal(SecurityValidationFilter.java:53)
	at com.primeton.euler.cbc.access.AbstractHttpFilter.doFilter(AbstractHttpFilter.java:41)
	at org.apache.catalina.core.ApplicationFilterChain.internalDoFilter(ApplicationFilterChain.java:240)
	at org.apache.catalina.core.ApplicationFilterChain.doFilter(ApplicationFilterChain.java:207)
	at org.springframework.web.filter.HttpPutFormContentFilter.doFilterInternal(HttpPutFormContentFilter.java:87)
	at org.springframework.web.filter.OncePerRequestFilter.doFilter(OncePerRequestFilter.java:107)
	at org.apache.catalina.core.ApplicationFilterChain.internalDoFilter(ApplicationFilterChain.java:240)
	at org.apache.catalina.core.ApplicationFilterChain.doFilter(ApplicationFilterChain.java:207)
	at org.springframework.web.filter.HiddenHttpMethodFilter.doFilterInternal(HiddenHttpMethodFilter.java:77)
	at org.springframework.web.filter.OncePerRequestFilter.doFilter(OncePerRequestFilter.java:107)
	at org.apache.catalina.core.ApplicationFilterChain.internalDoFilter(ApplicationFilterChain.java:240)
	at org.apache.catalina.core.ApplicationFilterChain.doFilter(ApplicationFilterChain.java:207)
	at com.primeton.euler.cbc.access.SystemLogFilter.doFilterInternal(SystemLogFilter.java:93)
	at com.primeton.euler.cbc.access.AbstractHttpFilter.doFilter(AbstractHttpFilter.java:41)
	at org.apache.catalina.core.ApplicationFilterChain.internalDoFilter(ApplicationFilterChain.java:240)
	at org.apache.catalina.core.ApplicationFilterChain.doFilter(ApplicationFilterChain.java:207)
	at com.primeton.euler.cbc.access.MessageFilter.doFilterInternal(MessageFilter.java:66)
	at com.primeton.euler.cbc.access.AbstractHttpFilter.doFilter(AbstractHttpFilter.java:41)
	at org.apache.catalina.core.ApplicationFilterChain.internalDoFilter(ApplicationFilterChain.java:240)
	at org.apache.catalina.core.ApplicationFilterChain.doFilter(ApplicationFilterChain.java:207)
	at com.primeton.euler.msf.access.ExceptionFilter.doFilterInternal(ExceptionFilter.java:75)
	at com.primeton.euler.cbc.access.AbstractHttpFilter.doFilter(AbstractHttpFilter.java:41)
	at org.apache.catalina.core.ApplicationFilterChain.internalDoFilter(ApplicationFilterChain.java:240)
	at org.apache.catalina.core.ApplicationFilterChain.doFilter(ApplicationFilterChain.java:207)
	at org.springframework.web.filter.CharacterEncodingFilter.doFilterInternal(CharacterEncodingFilter.java:121)
	at org.springframework.web.filter.OncePerRequestFilter.doFilter(OncePerRequestFilter.java:107)
	at org.apache.catalina.core.ApplicationFilterChain.internalDoFilter(ApplicationFilterChain.java:240)
	at org.apache.catalina.core.ApplicationFilterChain.doFilter(ApplicationFilterChain.java:207)
	at org.apache.catalina.core.StandardWrapperValve.invoke(StandardWrapperValve.java:212)
	at org.apache.catalina.core.StandardContextValve.invoke(StandardContextValve.java:106)
	at org.apache.catalina.authenticator.AuthenticatorBase.invoke(AuthenticatorBase.java:502)
	at org.apache.catalina.core.StandardHostValve.invoke(StandardHostValve.java:141)
	at org.apache.catalina.valves.ErrorReportValve.invoke(ErrorReportValve.java:79)
	at org.apache.catalina.core.StandardEngineValve.invoke(StandardEngineValve.java:88)
	at org.apache.catalina.connector.CoyoteAdapter.service(CoyoteAdapter.java:522)
	at org.apache.coyote.http11.AbstractHttp11Processor.process(AbstractHttp11Processor.java:1095)
	at org.apache.coyote.AbstractProtocol$AbstractConnectionHandler.process(AbstractProtocol.java:672)
	at org.apache.tomcat.util.net.NioEndpoint$SocketProcessor.doRun(NioEndpoint.java:1500)
	at org.apache.tomcat.util.net.NioEndpoint$SocketProcessor.run(NioEndpoint.java:1456)
	at java.util.concurrent.ThreadPoolExecutor.runWorker(ThreadPoolExecutor.java:1142)
	at java.util.concurrent.ThreadPoolExecutor$Worker.run(ThreadPoolExecutor.java:617)
	at org.apache.tomcat.util.threads.TaskThread$WrappingRunnable.run(TaskThread.java:61)
	at java.lang.Thread.run(Thread.java:745)
2016-08-12 16:06:37.836 [http-nio-8080-exec-1] ERROR [DefaultLogService.java:87] - RefererInvocationHandler invoke Error: uri=http://192.168.187.1:0/org.gocom.euler.specs.portal.capability.api.StandardProductApi requestId=147098919783600004 interface=org.gocom.euler.specs.portal.capability.api.StandardProductApi method=toString(void)
com.weibo.api.motan.exception.MotanServiceException: error_message: ActiveWeightLoadBalance No available referers for call : referers_size= 0 requestId=147098919783600004 interface=org.gocom.euler.specs.portal.capability.api.StandardProductApi method=toString(void), status: 503, error_code: 10001,r=
	at com.weibo.api.motan.cluster.loadbalance.AbstractLoadBalance.selectToHolder(AbstractLoadBalance.java:69)
	at com.weibo.api.motan.cluster.ha.FailoverHaStrategy.selectReferers(FailoverHaStrategy.java:90)
	at com.weibo.api.motan.protocol.rest.FailoverHaStrategyEx.call(FailoverHaStrategyEx.java:32)
	at com.weibo.api.motan.cluster.support.ClusterSpi.call(ClusterSpi.java:73)
	at com.weibo.api.motan.proxy.RefererInvocationHandler.invoke(RefererInvocationHandler.java:108)
	at com.sun.proxy.$Proxy84.toString(Unknown Source)
	at com.primeton.euler.chidi.service.api.impl.PingApiImpl.ping(PingApiImpl.java:31)
	at sun.reflect.NativeMethodAccessorImpl.invoke0(Native Method)
	at sun.reflect.NativeMethodAccessorImpl.invoke(NativeMethodAccessorImpl.java:62)
	at sun.reflect.DelegatingMethodAccessorImpl.invoke(DelegatingMethodAccessorImpl.java:43)
	at java.lang.reflect.Method.invoke(Method.java:498)
	at org.jboss.resteasy.core.MethodInjectorImpl.invoke(MethodInjectorImpl.java:139)
	at org.jboss.resteasy.core.ResourceMethodInvoker.invokeOnTarget(ResourceMethodInvoker.java:295)
	at org.jboss.resteasy.core.ResourceMethodInvoker.invoke(ResourceMethodInvoker.java:249)
	at org.jboss.resteasy.core.ResourceMethodInvoker.invoke(ResourceMethodInvoker.java:236)
	at org.jboss.resteasy.springmvc.ResteasyHandlerAdapter.createModelAndView(ResteasyHandlerAdapter.java:96)
	at org.jboss.resteasy.springmvc.ResteasyHandlerAdapter.handle(ResteasyHandlerAdapter.java:82)
	at org.jboss.resteasy.springmvc.ResteasyHandlerAdapter.handle(ResteasyHandlerAdapter.java:26)
	at org.jboss.resteasy.springmvc.ResteasyWebHandlerTemplate.handle(ResteasyWebHandlerTemplate.java:39)
	at org.jboss.resteasy.springmvc.ResteasyHandlerAdapter.handle(ResteasyHandlerAdapter.java:47)
	at org.springframework.web.servlet.DispatcherServlet.doDispatch(DispatcherServlet.java:959)
	at org.springframework.web.servlet.DispatcherServlet.doService(DispatcherServlet.java:893)
	at org.springframework.web.servlet.FrameworkServlet.processRequest(FrameworkServlet.java:968)
	at org.springframework.web.servlet.FrameworkServlet.doGet(FrameworkServlet.java:859)
	at javax.servlet.http.HttpServlet.service(HttpServlet.java:687)
	at org.springframework.web.servlet.FrameworkServlet.service(FrameworkServlet.java:844)
	at javax.servlet.http.HttpServlet.service(HttpServlet.java:790)
	at org.apache.catalina.core.ApplicationFilterChain.internalDoFilter(ApplicationFilterChain.java:292)
	at org.apache.catalina.core.ApplicationFilterChain.doFilter(ApplicationFilterChain.java:207)
	at org.apache.tomcat.websocket.server.WsFilter.doFilter(WsFilter.java:52)
	at org.apache.catalina.core.ApplicationFilterChain.internalDoFilter(ApplicationFilterChain.java:240)
	at org.apache.catalina.core.ApplicationFilterChain.doFilter(ApplicationFilterChain.java:207)
	at com.primeton.euler.cbc.security.SecurityValidationFilter.doFilterInternal(SecurityValidationFilter.java:53)
	at com.primeton.euler.cbc.access.AbstractHttpFilter.doFilter(AbstractHttpFilter.java:41)
	at org.apache.catalina.core.ApplicationFilterChain.internalDoFilter(ApplicationFilterChain.java:240)
	at org.apache.catalina.core.ApplicationFilterChain.doFilter(ApplicationFilterChain.java:207)
	at org.springframework.web.filter.HttpPutFormContentFilter.doFilterInternal(HttpPutFormContentFilter.java:87)
	at org.springframework.web.filter.OncePerRequestFilter.doFilter(OncePerRequestFilter.java:107)
	at org.apache.catalina.core.ApplicationFilterChain.internalDoFilter(ApplicationFilterChain.java:240)
	at org.apache.catalina.core.ApplicationFilterChain.doFilter(ApplicationFilterChain.java:207)
	at org.springframework.web.filter.HiddenHttpMethodFilter.doFilterInternal(HiddenHttpMethodFilter.java:77)
	at org.springframework.web.filter.OncePerRequestFilter.doFilter(OncePerRequestFilter.java:107)
	at org.apache.catalina.core.ApplicationFilterChain.internalDoFilter(ApplicationFilterChain.java:240)
	at org.apache.catalina.core.ApplicationFilterChain.doFilter(ApplicationFilterChain.java:207)
	at com.primeton.euler.cbc.access.SystemLogFilter.doFilterInternal(SystemLogFilter.java:93)
	at com.primeton.euler.cbc.access.AbstractHttpFilter.doFilter(AbstractHttpFilter.java:41)
	at org.apache.catalina.core.ApplicationFilterChain.internalDoFilter(ApplicationFilterChain.java:240)
	at org.apache.catalina.core.ApplicationFilterChain.doFilter(ApplicationFilterChain.java:207)
	at com.primeton.euler.cbc.access.MessageFilter.doFilterInternal(MessageFilter.java:66)
	at com.primeton.euler.cbc.access.AbstractHttpFilter.doFilter(AbstractHttpFilter.java:41)
	at org.apache.catalina.core.ApplicationFilterChain.internalDoFilter(ApplicationFilterChain.java:240)
	at org.apache.catalina.core.ApplicationFilterChain.doFilter(ApplicationFilterChain.java:207)
	at com.primeton.euler.msf.access.ExceptionFilter.doFilterInternal(ExceptionFilter.java:75)
	at com.primeton.euler.cbc.access.AbstractHttpFilter.doFilter(AbstractHttpFilter.java:41)
	at org.apache.catalina.core.ApplicationFilterChain.internalDoFilter(ApplicationFilterChain.java:240)
	at org.apache.catalina.core.ApplicationFilterChain.doFilter(ApplicationFilterChain.java:207)
	at org.springframework.web.filter.CharacterEncodingFilter.doFilterInternal(CharacterEncodingFilter.java:121)
	at org.springframework.web.filter.OncePerRequestFilter.doFilter(OncePerRequestFilter.java:107)
	at org.apache.catalina.core.ApplicationFilterChain.internalDoFilter(ApplicationFilterChain.java:240)
	at org.apache.catalina.core.ApplicationFilterChain.doFilter(ApplicationFilterChain.java:207)
	at org.apache.catalina.core.StandardWrapperValve.invoke(StandardWrapperValve.java:212)
	at org.apache.catalina.core.StandardContextValve.invoke(StandardContextValve.java:106)
	at org.apache.catalina.authenticator.AuthenticatorBase.invoke(AuthenticatorBase.java:502)
	at org.apache.catalina.core.StandardHostValve.invoke(StandardHostValve.java:141)
	at org.apache.catalina.valves.ErrorReportValve.invoke(ErrorReportValve.java:79)
	at org.apache.catalina.core.StandardEngineValve.invoke(StandardEngineValve.java:88)
	at org.apache.catalina.connector.CoyoteAdapter.service(CoyoteAdapter.java:522)
	at org.apache.coyote.http11.AbstractHttp11Processor.process(AbstractHttp11Processor.java:1095)
	at org.apache.coyote.AbstractProtocol$AbstractConnectionHandler.process(AbstractProtocol.java:672)
	at org.apache.tomcat.util.net.NioEndpoint$SocketProcessor.doRun(NioEndpoint.java:1500)
	at org.apache.tomcat.util.net.NioEndpoint$SocketProcessor.run(NioEndpoint.java:1456)
	at java.util.concurrent.ThreadPoolExecutor.runWorker(ThreadPoolExecutor.java:1142)
	at java.util.concurrent.ThreadPoolExecutor$Worker.run(ThreadPoolExecutor.java:617)
	at org.apache.tomcat.util.threads.TaskThread$WrappingRunnable.run(TaskThread.java:61)
	at java.lang.Thread.run(Thread.java:745)
2016-08-12 16:06:38.111 [http-nio-8080-exec-1] ERROR [DefaultLogService.java:87] - RefererInvocationHandler invoke Error: uri=http://192.168.187.1:0/org.gocom.euler.specs.portal.capability.api.StandardProductApi requestId=147098919811100005 interface=org.gocom.euler.specs.portal.capability.api.StandardProductApi method=toString(void)
com.weibo.api.motan.exception.MotanServiceException: error_message: ActiveWeightLoadBalance No available referers for call : referers_size= 0 requestId=147098919811100005 interface=org.gocom.euler.specs.portal.capability.api.StandardProductApi method=toString(void), status: 503, error_code: 10001,r=
	at com.weibo.api.motan.cluster.loadbalance.AbstractLoadBalance.selectToHolder(AbstractLoadBalance.java:69)
	at com.weibo.api.motan.cluster.ha.FailoverHaStrategy.selectReferers(FailoverHaStrategy.java:90)
	at com.weibo.api.motan.protocol.rest.FailoverHaStrategyEx.call(FailoverHaStrategyEx.java:32)
	at com.weibo.api.motan.cluster.support.ClusterSpi.call(ClusterSpi.java:73)
	at com.weibo.api.motan.proxy.RefererInvocationHandler.invoke(RefererInvocationHandler.java:108)
	at com.sun.proxy.$Proxy84.toString(Unknown Source)
	at com.primeton.euler.chidi.service.api.impl.PingApiImpl.ping(PingApiImpl.java:31)
	at sun.reflect.NativeMethodAccessorImpl.invoke0(Native Method)
	at sun.reflect.NativeMethodAccessorImpl.invoke(NativeMethodAccessorImpl.java:62)
	at sun.reflect.DelegatingMethodAccessorImpl.invoke(DelegatingMethodAccessorImpl.java:43)
	at java.lang.reflect.Method.invoke(Method.java:498)
	at org.jboss.resteasy.core.MethodInjectorImpl.invoke(MethodInjectorImpl.java:139)
	at org.jboss.resteasy.core.ResourceMethodInvoker.invokeOnTarget(ResourceMethodInvoker.java:295)
	at org.jboss.resteasy.core.ResourceMethodInvoker.invoke(ResourceMethodInvoker.java:249)
	at org.jboss.resteasy.core.ResourceMethodInvoker.invoke(ResourceMethodInvoker.java:236)
	at org.jboss.resteasy.springmvc.ResteasyHandlerAdapter.createModelAndView(ResteasyHandlerAdapter.java:96)
	at org.jboss.resteasy.springmvc.ResteasyHandlerAdapter.handle(ResteasyHandlerAdapter.java:82)
	at org.jboss.resteasy.springmvc.ResteasyHandlerAdapter.handle(ResteasyHandlerAdapter.java:26)
	at org.jboss.resteasy.springmvc.ResteasyWebHandlerTemplate.handle(ResteasyWebHandlerTemplate.java:39)
	at org.jboss.resteasy.springmvc.ResteasyHandlerAdapter.handle(ResteasyHandlerAdapter.java:47)
	at org.springframework.web.servlet.DispatcherServlet.doDispatch(DispatcherServlet.java:959)
	at org.springframework.web.servlet.DispatcherServlet.doService(DispatcherServlet.java:893)
	at org.springframework.web.servlet.FrameworkServlet.processRequest(FrameworkServlet.java:968)
	at org.springframework.web.servlet.FrameworkServlet.doGet(FrameworkServlet.java:859)
	at javax.servlet.http.HttpServlet.service(HttpServlet.java:687)
	at org.springframework.web.servlet.FrameworkServlet.service(FrameworkServlet.java:844)
	at javax.servlet.http.HttpServlet.service(HttpServlet.java:790)
	at org.apache.catalina.core.ApplicationFilterChain.internalDoFilter(ApplicationFilterChain.java:292)
	at org.apache.catalina.core.ApplicationFilterChain.doFilter(ApplicationFilterChain.java:207)
	at org.apache.tomcat.websocket.server.WsFilter.doFilter(WsFilter.java:52)
	at org.apache.catalina.core.ApplicationFilterChain.internalDoFilter(ApplicationFilterChain.java:240)
	at org.apache.catalina.core.ApplicationFilterChain.doFilter(ApplicationFilterChain.java:207)
	at com.primeton.euler.cbc.security.SecurityValidationFilter.doFilterInternal(SecurityValidationFilter.java:53)
	at com.primeton.euler.cbc.access.AbstractHttpFilter.doFilter(AbstractHttpFilter.java:41)
	at org.apache.catalina.core.ApplicationFilterChain.internalDoFilter(ApplicationFilterChain.java:240)
	at org.apache.catalina.core.ApplicationFilterChain.doFilter(ApplicationFilterChain.java:207)
	at org.springframework.web.filter.HttpPutFormContentFilter.doFilterInternal(HttpPutFormContentFilter.java:87)
	at org.springframework.web.filter.OncePerRequestFilter.doFilter(OncePerRequestFilter.java:107)
	at org.apache.catalina.core.ApplicationFilterChain.internalDoFilter(ApplicationFilterChain.java:240)
	at org.apache.catalina.core.ApplicationFilterChain.doFilter(ApplicationFilterChain.java:207)
	at org.springframework.web.filter.HiddenHttpMethodFilter.doFilterInternal(HiddenHttpMethodFilter.java:77)
	at org.springframework.web.filter.OncePerRequestFilter.doFilter(OncePerRequestFilter.java:107)
	at org.apache.catalina.core.ApplicationFilterChain.internalDoFilter(ApplicationFilterChain.java:240)
	at org.apache.catalina.core.ApplicationFilterChain.doFilter(ApplicationFilterChain.java:207)
	at com.primeton.euler.cbc.access.SystemLogFilter.doFilterInternal(SystemLogFilter.java:93)
	at com.primeton.euler.cbc.access.AbstractHttpFilter.doFilter(AbstractHttpFilter.java:41)
	at org.apache.catalina.core.ApplicationFilterChain.internalDoFilter(ApplicationFilterChain.java:240)
	at org.apache.catalina.core.ApplicationFilterChain.doFilter(ApplicationFilterChain.java:207)
	at com.primeton.euler.cbc.access.MessageFilter.doFilterInternal(MessageFilter.java:66)
	at com.primeton.euler.cbc.access.AbstractHttpFilter.doFilter(AbstractHttpFilter.java:41)
	at org.apache.catalina.core.ApplicationFilterChain.internalDoFilter(ApplicationFilterChain.java:240)
	at org.apache.catalina.core.ApplicationFilterChain.doFilter(ApplicationFilterChain.java:207)
	at com.primeton.euler.msf.access.ExceptionFilter.doFilterInternal(ExceptionFilter.java:75)
	at com.primeton.euler.cbc.access.AbstractHttpFilter.doFilter(AbstractHttpFilter.java:41)
	at org.apache.catalina.core.ApplicationFilterChain.internalDoFilter(ApplicationFilterChain.java:240)
	at org.apache.catalina.core.ApplicationFilterChain.doFilter(ApplicationFilterChain.java:207)
	at org.springframework.web.filter.CharacterEncodingFilter.doFilterInternal(CharacterEncodingFilter.java:121)
	at org.springframework.web.filter.OncePerRequestFilter.doFilter(OncePerRequestFilter.java:107)
	at org.apache.catalina.core.ApplicationFilterChain.internalDoFilter(ApplicationFilterChain.java:240)
	at org.apache.catalina.core.ApplicationFilterChain.doFilter(ApplicationFilterChain.java:207)
	at org.apache.catalina.core.StandardWrapperValve.invoke(StandardWrapperValve.java:212)
	at org.apache.catalina.core.StandardContextValve.invoke(StandardContextValve.java:106)
	at org.apache.catalina.authenticator.AuthenticatorBase.invoke(AuthenticatorBase.java:502)
	at org.apache.catalina.core.StandardHostValve.invoke(StandardHostValve.java:141)
	at org.apache.catalina.valves.ErrorReportValve.invoke(ErrorReportValve.java:79)
	at org.apache.catalina.core.StandardEngineValve.invoke(StandardEngineValve.java:88)
	at org.apache.catalina.connector.CoyoteAdapter.service(CoyoteAdapter.java:522)
	at org.apache.coyote.http11.AbstractHttp11Processor.process(AbstractHttp11Processor.java:1095)
	at org.apache.coyote.AbstractProtocol$AbstractConnectionHandler.process(AbstractProtocol.java:672)
	at org.apache.tomcat.util.net.NioEndpoint$SocketProcessor.doRun(NioEndpoint.java:1500)
	at org.apache.tomcat.util.net.NioEndpoint$SocketProcessor.run(NioEndpoint.java:1456)
	at java.util.concurrent.ThreadPoolExecutor.runWorker(ThreadPoolExecutor.java:1142)
	at java.util.concurrent.ThreadPoolExecutor$Worker.run(ThreadPoolExecutor.java:617)
	at org.apache.tomcat.util.threads.TaskThread$WrappingRunnable.run(TaskThread.java:61)
	at java.lang.Thread.run(Thread.java:745)
2016-08-12 16:06:39.497 [com.primeton.euler.msf.SchedulePoolHelper] WARN  [EtcdRegistry.java:173] - fail to discover url : http://192.168.187.1:0/org.gocom.euler.specs.portal.capability.api.StandardProductApi?group=euler_group; Error response from etcd: Not Found{"errorCode":100,"message":"Key not found","cause":"/euler/euler_group/org.gocom.euler.specs.portal.capability.api.StandardProductApi/server","index":11524841}
(404)
com.justinsb.etcd.EtcdClientException: Error response from etcd: Not Found{"errorCode":100,"message":"Key not found","cause":"/euler/euler_group/org.gocom.euler.specs.portal.capability.api.StandardProductApi/server","index":11524841}
(404)
	at com.justinsb.etcd.EtcdClient.extractJsonResponse(EtcdClient.java:488)
	at com.justinsb.etcd.EtcdClient$3.apply(EtcdClient.java:459)
	at com.justinsb.etcd.EtcdClient$3.apply(EtcdClient.java:1)
	at com.google.common.util.concurrent.Futures$ChainingListenableFuture.run(Futures.java:906)
	at com.google.common.util.concurrent.MoreExecutors$DirectExecutor.execute(MoreExecutors.java:457)
	at com.google.common.util.concurrent.ExecutionList.executeListener(ExecutionList.java:156)
	at com.google.common.util.concurrent.ExecutionList.execute(ExecutionList.java:145)
	at com.google.common.util.concurrent.AbstractFuture.set(AbstractFuture.java:185)
	at com.google.common.util.concurrent.SettableFuture.set(SettableFuture.java:53)
	at com.justinsb.etcd.EtcdClient$4.onCompleted(EtcdClient.java:521)
	at com.justinsb.etcd.EtcdClient$4.onCompleted(EtcdClient.java:1)
	at org.asynchttpclient.AsyncCompletionHandler.onCompleted(AsyncCompletionHandler.java:64)
	at org.asynchttpclient.netty.NettyResponseFuture.getContent(NettyResponseFuture.java:188)
	at org.asynchttpclient.netty.NettyResponseFuture.done(NettyResponseFuture.java:223)
	at org.asynchttpclient.netty.handler.HttpHandler.finishUpdate(HttpHandler.java:58)
	at org.asynchttpclient.netty.handler.HttpHandler.handleChunk(HttpHandler.java:159)
	at org.asynchttpclient.netty.handler.HttpHandler.handleRead(HttpHandler.java:189)
	at org.asynchttpclient.netty.handler.AsyncHttpClientHandler.channelRead(AsyncHttpClientHandler.java:82)
	at io.netty.channel.AbstractChannelHandlerContext.invokeChannelRead(AbstractChannelHandlerContext.java:292)
	at io.netty.channel.AbstractChannelHandlerContext.fireChannelRead(AbstractChannelHandlerContext.java:278)
	at io.netty.channel.ChannelInboundHandlerAdapter.channelRead(ChannelInboundHandlerAdapter.java:86)
	at io.netty.channel.AbstractChannelHandlerContext.invokeChannelRead(AbstractChannelHandlerContext.java:292)
	at io.netty.channel.AbstractChannelHandlerContext.fireChannelRead(AbstractChannelHandlerContext.java:278)
	at io.netty.handler.codec.MessageToMessageDecoder.channelRead(MessageToMessageDecoder.java:103)
	at io.netty.channel.AbstractChannelHandlerContext.invokeChannelRead(AbstractChannelHandlerContext.java:292)
	at io.netty.channel.AbstractChannelHandlerContext.fireChannelRead(AbstractChannelHandlerContext.java:278)
	at io.netty.channel.CombinedChannelDuplexHandler$DelegatingChannelHandlerContext.fireChannelRead(CombinedChannelDuplexHandler.java:428)
	at io.netty.handler.codec.ByteToMessageDecoder.fireChannelRead(ByteToMessageDecoder.java:277)
	at io.netty.handler.codec.ByteToMessageDecoder.channelRead(ByteToMessageDecoder.java:264)
	at io.netty.channel.CombinedChannelDuplexHandler.channelRead(CombinedChannelDuplexHandler.java:243)
	at io.netty.channel.AbstractChannelHandlerContext.invokeChannelRead(AbstractChannelHandlerContext.java:292)
	at io.netty.channel.AbstractChannelHandlerContext.fireChannelRead(AbstractChannelHandlerContext.java:278)
	at io.netty.channel.DefaultChannelPipeline.fireChannelRead(DefaultChannelPipeline.java:962)
	at io.netty.channel.nio.AbstractNioByteChannel$NioByteUnsafe.read(AbstractNioByteChannel.java:131)
	at io.netty.channel.nio.NioEventLoop.processSelectedKey(NioEventLoop.java:528)
	at io.netty.channel.nio.NioEventLoop.processSelectedKeysOptimized(NioEventLoop.java:485)
	at io.netty.channel.nio.NioEventLoop.processSelectedKeys(NioEventLoop.java:399)
	at io.netty.channel.nio.NioEventLoop.run(NioEventLoop.java:371)
	at io.netty.util.concurrent.SingleThreadEventExecutor$2.run(SingleThreadEventExecutor.java:112)
	at io.netty.util.concurrent.DefaultThreadFactory$DefaultRunnableDecorator.run(DefaultThreadFactory.java:137)
	at java.lang.Thread.run(Thread.java:745)
2016-08-12 16:06:39.498 [com.primeton.euler.msf.SchedulePoolHelper] WARN  [DefaultLogService.java:75] - Failed to discover url:http://192.168.187.1:0/org.gocom.euler.specs.portal.capability.api.StandardProductApi?group=euler_group in registry (etcd://10.15.15.119:12379/com.weibo.api.motan.registry.RegistryService?group=default_rpc)
com.weibo.api.motan.exception.MotanFrameworkException: error_message: framework default error, status: 503, error_code: 20001,r=
	at com.primeton.euler.msf.registry.etcd.EtcdRegistry.doDiscover(EtcdRegistry.java:174)
	at com.weibo.api.motan.registry.support.AbstractRegistry.discover(AbstractRegistry.java:133)
	at com.weibo.api.motan.registry.support.FailbackRegistry.discover(FailbackRegistry.java:139)
	at com.primeton.euler.msf.registry.etcd.EtcdRegistry.retryDiscover(EtcdRegistry.java:325)
	at com.primeton.euler.msf.registry.etcd.EtcdRegistry.access$5(EtcdRegistry.java:320)
	at com.primeton.euler.msf.registry.etcd.EtcdRegistry$4.run(EtcdRegistry.java:311)
	at java.util.concurrent.Executors$RunnableAdapter.call(Executors.java:511)
	at java.util.concurrent.FutureTask.runAndReset(FutureTask.java:308)
	at java.util.concurrent.ScheduledThreadPoolExecutor$ScheduledFutureTask.access$301(ScheduledThreadPoolExecutor.java:180)
	at java.util.concurrent.ScheduledThreadPoolExecutor$ScheduledFutureTask.run(ScheduledThreadPoolExecutor.java:294)
	at java.util.concurrent.ThreadPoolExecutor.runWorker(ThreadPoolExecutor.java:1142)
	at java.util.concurrent.ThreadPoolExecutor$Worker.run(ThreadPoolExecutor.java:617)
	at java.lang.Thread.run(Thread.java:745)
Caused by: com.justinsb.etcd.EtcdClientException: Error response from etcd: Not Found{"errorCode":100,"message":"Key not found","cause":"/euler/euler_group/org.gocom.euler.specs.portal.capability.api.StandardProductApi/server","index":11524841}
(404)
	at com.justinsb.etcd.EtcdClient.extractJsonResponse(EtcdClient.java:488)
	at com.justinsb.etcd.EtcdClient$3.apply(EtcdClient.java:459)
	at com.justinsb.etcd.EtcdClient$3.apply(EtcdClient.java:1)
	at com.google.common.util.concurrent.Futures$ChainingListenableFuture.run(Futures.java:906)
	at com.google.common.util.concurrent.MoreExecutors$DirectExecutor.execute(MoreExecutors.java:457)
	at com.google.common.util.concurrent.ExecutionList.executeListener(ExecutionList.java:156)
	at com.google.common.util.concurrent.ExecutionList.execute(ExecutionList.java:145)
	at com.google.common.util.concurrent.AbstractFuture.set(AbstractFuture.java:185)
	at com.google.common.util.concurrent.SettableFuture.set(SettableFuture.java:53)
	at com.justinsb.etcd.EtcdClient$4.onCompleted(EtcdClient.java:521)
	at com.justinsb.etcd.EtcdClient$4.onCompleted(EtcdClient.java:1)
	at org.asynchttpclient.AsyncCompletionHandler.onCompleted(AsyncCompletionHandler.java:64)
	at org.asynchttpclient.netty.NettyResponseFuture.getContent(NettyResponseFuture.java:188)
	at org.asynchttpclient.netty.NettyResponseFuture.done(NettyResponseFuture.java:223)
	at org.asynchttpclient.netty.handler.HttpHandler.finishUpdate(HttpHandler.java:58)
	at org.asynchttpclient.netty.handler.HttpHandler.handleChunk(HttpHandler.java:159)
	at org.asynchttpclient.netty.handler.HttpHandler.handleRead(HttpHandler.java:189)
	at org.asynchttpclient.netty.handler.AsyncHttpClientHandler.channelRead(AsyncHttpClientHandler.java:82)
	at io.netty.channel.AbstractChannelHandlerContext.invokeChannelRead(AbstractChannelHandlerContext.java:292)
	at io.netty.channel.AbstractChannelHandlerContext.fireChannelRead(AbstractChannelHandlerContext.java:278)
	at io.netty.channel.ChannelInboundHandlerAdapter.channelRead(ChannelInboundHandlerAdapter.java:86)
	at io.netty.channel.AbstractChannelHandlerContext.invokeChannelRead(AbstractChannelHandlerContext.java:292)
	at io.netty.channel.AbstractChannelHandlerContext.fireChannelRead(AbstractChannelHandlerContext.java:278)
	at io.netty.handler.codec.MessageToMessageDecoder.channelRead(MessageToMessageDecoder.java:103)
	at io.netty.channel.AbstractChannelHandlerContext.invokeChannelRead(AbstractChannelHandlerContext.java:292)
	at io.netty.channel.AbstractChannelHandlerContext.fireChannelRead(AbstractChannelHandlerContext.java:278)
	at io.netty.channel.CombinedChannelDuplexHandler$DelegatingChannelHandlerContext.fireChannelRead(CombinedChannelDuplexHandler.java:428)
	at io.netty.handler.codec.ByteToMessageDecoder.fireChannelRead(ByteToMessageDecoder.java:277)
	at io.netty.handler.codec.ByteToMessageDecoder.channelRead(ByteToMessageDecoder.java:264)
	at io.netty.channel.CombinedChannelDuplexHandler.channelRead(CombinedChannelDuplexHandler.java:243)
	at io.netty.channel.AbstractChannelHandlerContext.invokeChannelRead(AbstractChannelHandlerContext.java:292)
	at io.netty.channel.AbstractChannelHandlerContext.fireChannelRead(AbstractChannelHandlerContext.java:278)
	at io.netty.channel.DefaultChannelPipeline.fireChannelRead(DefaultChannelPipeline.java:962)
	at io.netty.channel.nio.AbstractNioByteChannel$NioByteUnsafe.read(AbstractNioByteChannel.java:131)
	at io.netty.channel.nio.NioEventLoop.processSelectedKey(NioEventLoop.java:528)
	at io.netty.channel.nio.NioEventLoop.processSelectedKeysOptimized(NioEventLoop.java:485)
	at io.netty.channel.nio.NioEventLoop.processSelectedKeys(NioEventLoop.java:399)
	at io.netty.channel.nio.NioEventLoop.run(NioEventLoop.java:371)
	at io.netty.util.concurrent.SingleThreadEventExecutor$2.run(SingleThreadEventExecutor.java:112)
	at io.netty.util.concurrent.DefaultThreadFactory$DefaultRunnableDecorator.run(DefaultThreadFactory.java:137)
	... 1 common frames omitted
2016-08-12 16:07:09.479 [com.primeton.euler.msf.SchedulePoolHelper] WARN  [EtcdRegistry.java:173] - fail to discover url : http://192.168.187.1:0/org.gocom.euler.specs.portal.capability.api.StandardProductApi?group=euler_group; Error response from etcd: Not Found{"errorCode":100,"message":"Key not found","cause":"/euler/euler_group/org.gocom.euler.specs.portal.capability.api.StandardProductApi/server","index":11524892}
(404)
com.justinsb.etcd.EtcdClientException: Error response from etcd: Not Found{"errorCode":100,"message":"Key not found","cause":"/euler/euler_group/org.gocom.euler.specs.portal.capability.api.StandardProductApi/server","index":11524892}
(404)
	at com.justinsb.etcd.EtcdClient.extractJsonResponse(EtcdClient.java:488)
	at com.justinsb.etcd.EtcdClient$3.apply(EtcdClient.java:459)
	at com.justinsb.etcd.EtcdClient$3.apply(EtcdClient.java:1)
	at com.google.common.util.concurrent.Futures$ChainingListenableFuture.run(Futures.java:906)
	at com.google.common.util.concurrent.MoreExecutors$DirectExecutor.execute(MoreExecutors.java:457)
	at com.google.common.util.concurrent.ExecutionList.executeListener(ExecutionList.java:156)
	at com.google.common.util.concurrent.ExecutionList.execute(ExecutionList.java:145)
	at com.google.common.util.concurrent.AbstractFuture.set(AbstractFuture.java:185)
	at com.google.common.util.concurrent.SettableFuture.set(SettableFuture.java:53)
	at com.justinsb.etcd.EtcdClient$4.onCompleted(EtcdClient.java:521)
	at com.justinsb.etcd.EtcdClient$4.onCompleted(EtcdClient.java:1)
	at org.asynchttpclient.AsyncCompletionHandler.onCompleted(AsyncCompletionHandler.java:64)
	at org.asynchttpclient.netty.NettyResponseFuture.getContent(NettyResponseFuture.java:188)
	at org.asynchttpclient.netty.NettyResponseFuture.done(NettyResponseFuture.java:223)
	at org.asynchttpclient.netty.handler.HttpHandler.finishUpdate(HttpHandler.java:58)
	at org.asynchttpclient.netty.handler.HttpHandler.handleChunk(HttpHandler.java:159)
	at org.asynchttpclient.netty.handler.HttpHandler.handleRead(HttpHandler.java:189)
	at org.asynchttpclient.netty.handler.AsyncHttpClientHandler.channelRead(AsyncHttpClientHandler.java:82)
	at io.netty.channel.AbstractChannelHandlerContext.invokeChannelRead(AbstractChannelHandlerContext.java:292)
	at io.netty.channel.AbstractChannelHandlerContext.fireChannelRead(AbstractChannelHandlerContext.java:278)
	at io.netty.channel.ChannelInboundHandlerAdapter.channelRead(ChannelInboundHandlerAdapter.java:86)
	at io.netty.channel.AbstractChannelHandlerContext.invokeChannelRead(AbstractChannelHandlerContext.java:292)
	at io.netty.channel.AbstractChannelHandlerContext.fireChannelRead(AbstractChannelHandlerContext.java:278)
	at io.netty.handler.codec.MessageToMessageDecoder.channelRead(MessageToMessageDecoder.java:103)
	at io.netty.channel.AbstractChannelHandlerContext.invokeChannelRead(AbstractChannelHandlerContext.java:292)
	at io.netty.channel.AbstractChannelHandlerContext.fireChannelRead(AbstractChannelHandlerContext.java:278)
	at io.netty.channel.CombinedChannelDuplexHandler$DelegatingChannelHandlerContext.fireChannelRead(CombinedChannelDuplexHandler.java:428)
	at io.netty.handler.codec.ByteToMessageDecoder.fireChannelRead(ByteToMessageDecoder.java:277)
	at io.netty.handler.codec.ByteToMessageDecoder.channelRead(ByteToMessageDecoder.java:264)
	at io.netty.channel.CombinedChannelDuplexHandler.channelRead(CombinedChannelDuplexHandler.java:243)
	at io.netty.channel.AbstractChannelHandlerContext.invokeChannelRead(AbstractChannelHandlerContext.java:292)
	at io.netty.channel.AbstractChannelHandlerContext.fireChannelRead(AbstractChannelHandlerContext.java:278)
	at io.netty.channel.DefaultChannelPipeline.fireChannelRead(DefaultChannelPipeline.java:962)
	at io.netty.channel.nio.AbstractNioByteChannel$NioByteUnsafe.read(AbstractNioByteChannel.java:131)
	at io.netty.channel.nio.NioEventLoop.processSelectedKey(NioEventLoop.java:528)
	at io.netty.channel.nio.NioEventLoop.processSelectedKeysOptimized(NioEventLoop.java:485)
	at io.netty.channel.nio.NioEventLoop.processSelectedKeys(NioEventLoop.java:399)
	at io.netty.channel.nio.NioEventLoop.run(NioEventLoop.java:371)
	at io.netty.util.concurrent.SingleThreadEventExecutor$2.run(SingleThreadEventExecutor.java:112)
	at io.netty.util.concurrent.DefaultThreadFactory$DefaultRunnableDecorator.run(DefaultThreadFactory.java:137)
	at java.lang.Thread.run(Thread.java:745)
2016-08-12 16:07:09.481 [com.primeton.euler.msf.SchedulePoolHelper] WARN  [DefaultLogService.java:75] - Failed to discover url:http://192.168.187.1:0/org.gocom.euler.specs.portal.capability.api.StandardProductApi?group=euler_group in registry (etcd://10.15.15.119:12379/com.weibo.api.motan.registry.RegistryService?group=default_rpc)
com.weibo.api.motan.exception.MotanFrameworkException: error_message: framework default error, status: 503, error_code: 20001,r=
	at com.primeton.euler.msf.registry.etcd.EtcdRegistry.doDiscover(EtcdRegistry.java:174)
	at com.weibo.api.motan.registry.support.AbstractRegistry.discover(AbstractRegistry.java:133)
	at com.weibo.api.motan.registry.support.FailbackRegistry.discover(FailbackRegistry.java:139)
	at com.primeton.euler.msf.registry.etcd.EtcdRegistry.retryDiscover(EtcdRegistry.java:325)
	at com.primeton.euler.msf.registry.etcd.EtcdRegistry.access$5(EtcdRegistry.java:320)
	at com.primeton.euler.msf.registry.etcd.EtcdRegistry$4.run(EtcdRegistry.java:311)
	at java.util.concurrent.Executors$RunnableAdapter.call(Executors.java:511)
	at java.util.concurrent.FutureTask.runAndReset(FutureTask.java:308)
	at java.util.concurrent.ScheduledThreadPoolExecutor$ScheduledFutureTask.access$301(ScheduledThreadPoolExecutor.java:180)
	at java.util.concurrent.ScheduledThreadPoolExecutor$ScheduledFutureTask.run(ScheduledThreadPoolExecutor.java:294)
	at java.util.concurrent.ThreadPoolExecutor.runWorker(ThreadPoolExecutor.java:1142)
	at java.util.concurrent.ThreadPoolExecutor$Worker.run(ThreadPoolExecutor.java:617)
	at java.lang.Thread.run(Thread.java:745)
Caused by: com.justinsb.etcd.EtcdClientException: Error response from etcd: Not Found{"errorCode":100,"message":"Key not found","cause":"/euler/euler_group/org.gocom.euler.specs.portal.capability.api.StandardProductApi/server","index":11524892}
(404)
	at com.justinsb.etcd.EtcdClient.extractJsonResponse(EtcdClient.java:488)
	at com.justinsb.etcd.EtcdClient$3.apply(EtcdClient.java:459)
	at com.justinsb.etcd.EtcdClient$3.apply(EtcdClient.java:1)
	at com.google.common.util.concurrent.Futures$ChainingListenableFuture.run(Futures.java:906)
	at com.google.common.util.concurrent.MoreExecutors$DirectExecutor.execute(MoreExecutors.java:457)
	at com.google.common.util.concurrent.ExecutionList.executeListener(ExecutionList.java:156)
	at com.google.common.util.concurrent.ExecutionList.execute(ExecutionList.java:145)
	at com.google.common.util.concurrent.AbstractFuture.set(AbstractFuture.java:185)
	at com.google.common.util.concurrent.SettableFuture.set(SettableFuture.java:53)
	at com.justinsb.etcd.EtcdClient$4.onCompleted(EtcdClient.java:521)
	at com.justinsb.etcd.EtcdClient$4.onCompleted(EtcdClient.java:1)
	at org.asynchttpclient.AsyncCompletionHandler.onCompleted(AsyncCompletionHandler.java:64)
	at org.asynchttpclient.netty.NettyResponseFuture.getContent(NettyResponseFuture.java:188)
	at org.asynchttpclient.netty.NettyResponseFuture.done(NettyResponseFuture.java:223)
	at org.asynchttpclient.netty.handler.HttpHandler.finishUpdate(HttpHandler.java:58)
	at org.asynchttpclient.netty.handler.HttpHandler.handleChunk(HttpHandler.java:159)
	at org.asynchttpclient.netty.handler.HttpHandler.handleRead(HttpHandler.java:189)
	at org.asynchttpclient.netty.handler.AsyncHttpClientHandler.channelRead(AsyncHttpClientHandler.java:82)
	at io.netty.channel.AbstractChannelHandlerContext.invokeChannelRead(AbstractChannelHandlerContext.java:292)
	at io.netty.channel.AbstractChannelHandlerContext.fireChannelRead(AbstractChannelHandlerContext.java:278)
	at io.netty.channel.ChannelInboundHandlerAdapter.channelRead(ChannelInboundHandlerAdapter.java:86)
	at io.netty.channel.AbstractChannelHandlerContext.invokeChannelRead(AbstractChannelHandlerContext.java:292)
	at io.netty.channel.AbstractChannelHandlerContext.fireChannelRead(AbstractChannelHandlerContext.java:278)
	at io.netty.handler.codec.MessageToMessageDecoder.channelRead(MessageToMessageDecoder.java:103)
	at io.netty.channel.AbstractChannelHandlerContext.invokeChannelRead(AbstractChannelHandlerContext.java:292)
	at io.netty.channel.AbstractChannelHandlerContext.fireChannelRead(AbstractChannelHandlerContext.java:278)
	at io.netty.channel.CombinedChannelDuplexHandler$DelegatingChannelHandlerContext.fireChannelRead(CombinedChannelDuplexHandler.java:428)
	at io.netty.handler.codec.ByteToMessageDecoder.fireChannelRead(ByteToMessageDecoder.java:277)
	at io.netty.handler.codec.ByteToMessageDecoder.channelRead(ByteToMessageDecoder.java:264)
	at io.netty.channel.CombinedChannelDuplexHandler.channelRead(CombinedChannelDuplexHandler.java:243)
	at io.netty.channel.AbstractChannelHandlerContext.invokeChannelRead(AbstractChannelHandlerContext.java:292)
	at io.netty.channel.AbstractChannelHandlerContext.fireChannelRead(AbstractChannelHandlerContext.java:278)
	at io.netty.channel.DefaultChannelPipeline.fireChannelRead(DefaultChannelPipeline.java:962)
	at io.netty.channel.nio.AbstractNioByteChannel$NioByteUnsafe.read(AbstractNioByteChannel.java:131)
	at io.netty.channel.nio.NioEventLoop.processSelectedKey(NioEventLoop.java:528)
	at io.netty.channel.nio.NioEventLoop.processSelectedKeysOptimized(NioEventLoop.java:485)
	at io.netty.channel.nio.NioEventLoop.processSelectedKeys(NioEventLoop.java:399)
	at io.netty.channel.nio.NioEventLoop.run(NioEventLoop.java:371)
	at io.netty.util.concurrent.SingleThreadEventExecutor$2.run(SingleThreadEventExecutor.java:112)
	at io.netty.util.concurrent.DefaultThreadFactory$DefaultRunnableDecorator.run(DefaultThreadFactory.java:137)
	... 1 common frames omitted
